TN:
SF:Backend\config\db.js
FN:24,(anonymous_0)
FN:25,(anonymous_1)
FNF:2
FNH:0
FNDA:0,(anonymous_0)
FNDA:0,(anonymous_1)
DA:1,0
DA:2,0
DA:4,0
DA:11,0
DA:23,0
DA:24,0
DA:25,0
DA:27,0
LF:8
LH:0
BRDA:7,0,0,0
BRDA:7,0,1,0
BRDA:12,1,0,0
BRDA:12,1,1,0
BRDA:13,2,0,0
BRDA:13,2,1,0
BRDA:14,3,0,0
BRDA:14,3,1,0
BRDA:15,4,0,0
BRDA:15,4,1,0
BRDA:16,5,0,0
BRDA:16,5,1,0
BRF:12
BRH:0
end_of_record
TN:
SF:Backend\controllers\actividadController.js
FN:5,(anonymous_0)
FN:23,(anonymous_1)
FNF:2
FNH:0
FNDA:0,(anonymous_0)
FNDA:0,(anonymous_1)
DA:1,0
DA:5,0
DA:6,0
DA:7,0
DA:8,0
DA:10,0
DA:11,0
DA:15,0
DA:17,0
DA:18,0
DA:23,0
DA:24,0
DA:25,0
DA:26,0
DA:32,0
DA:33,0
DA:34,0
DA:35,0
DA:36,0
DA:37,0
DA:39,0
DA:40,0
LF:22
LH:0
BRDA:7,0,0,0
BRDA:7,0,1,0
BRDA:7,1,0,0
BRDA:7,1,1,0
BRDA:13,2,0,0
BRDA:13,2,1,0
BRDA:33,3,0,0
BRDA:33,3,1,0
BRDA:34,4,0,0
BRDA:34,4,1,0
BRF:10
BRH:0
end_of_record
TN:
SF:Backend\controllers\authControllerNew.js
FN:10,(anonymous_0)
FN:85,(anonymous_1)
FN:207,(anonymous_2)
FN:276,(anonymous_3)
FNF:4
FNH:0
FNDA:0,(anonymous_0)
FNDA:0,(anonymous_1)
FNDA:0,(anonymous_2)
FNDA:0,(anonymous_3)
DA:1,0
DA:2,0
DA:3,0
DA:4,0
DA:10,0
DA:11,0
DA:12,0
DA:14,0
DA:15,0
DA:16,0
DA:19,0
DA:21,0
DA:26,0
DA:27,0
DA:30,0
DA:31,0
DA:34,0
DA:35,0
DA:37,0
DA:38,0
DA:41,0
DA:47,0
DA:52,0
DA:55,0
DA:56,0
DA:61,0
DA:63,0
DA:64,0
DA:65,0
DA:70,0
DA:71,0
DA:79,0
DA:80,0
DA:85,0
DA:86,0
DA:88,0
DA:90,0
DA:91,0
DA:92,0
DA:95,0
DA:97,0
DA:99,0
DA:100,0
DA:101,0
DA:104,0
DA:107,0
DA:108,0
DA:109,0
DA:112,0
DA:113,0
DA:115,0
DA:116,0
DA:119,0
DA:120,0
DA:121,0
DA:122,0
DA:127,0
DA:128,0
DA:129,0
DA:130,0
DA:133,0
DA:135,0
DA:138,0
DA:144,0
DA:145,0
DA:146,0
DA:148,0
DA:149,0
DA:152,0
DA:153,0
DA:156,0
DA:157,0
DA:158,0
DA:159,0
DA:163,0
DA:164,0
DA:169,0
DA:170,0
DA:171,0
DA:175,0
DA:183,0
DA:184,0
DA:185,0
DA:186,0
DA:188,0
DA:191,0
DA:194,0
DA:195,0
DA:196,0
DA:207,0
DA:208,0
DA:209,0
DA:210,0
DA:212,0
DA:214,0
DA:215,0
DA:218,0
DA:219,0
DA:222,0
DA:224,0
DA:229,0
DA:230,0
DA:233,0
DA:234,0
DA:237,0
DA:239,0
DA:241,0
DA:244,0
DA:247,0
DA:248,0
DA:252,0
DA:255,0
DA:260,0
DA:261,0
DA:267,0
DA:268,0
DA:276,0
DA:277,0
DA:278,0
DA:280,0
DA:281,0
DA:284,0
DA:286,0
DA:287,0
DA:289,0
DA:290,0
DA:291,0
DA:293,0
DA:294,0
DA:295,0
DA:297,0
DA:298,0
DA:299,0
DA:301,0
DA:302,0
DA:303,0
DA:305,0
DA:306,0
DA:307,0
DA:310,0
DA:311,0
DA:314,0
DA:316,0
DA:317,0
DA:319,0
DA:320,0
DA:326,0
DA:327,0
LF:148
LH:0
BRDA:15,0,0,0
BRDA:15,0,1,0
BRDA:15,1,0,0
BRDA:15,1,1,0
BRDA:26,2,0,0
BRDA:26,2,1,0
BRDA:63,3,0,0
BRDA:63,3,1,0
BRDA:88,4,0,0
BRDA:88,4,1,0
BRDA:90,5,0,0
BRDA:90,5,1,0
BRDA:90,6,0,0
BRDA:90,6,1,0
BRDA:90,6,2,0
BRDA:99,7,0,0
BRDA:99,7,1,0
BRDA:107,8,0,0
BRDA:107,8,1,0
BRDA:119,9,0,0
BRDA:119,9,1,0
BRDA:119,10,0,0
BRDA:119,10,1,0
BRDA:127,11,0,0
BRDA:127,11,1,0
BRDA:144,12,0,0
BRDA:144,12,1,0
BRDA:146,13,0,0
BRDA:146,13,1,0
BRDA:146,14,0,0
BRDA:146,14,1,0
BRDA:149,15,0,0
BRDA:149,15,1,0
BRDA:152,16,0,0
BRDA:152,16,1,0
BRDA:153,17,0,0
BRDA:153,17,1,0
BRDA:156,18,0,0
BRDA:156,18,1,0
BRDA:169,19,0,0
BRDA:169,19,1,0
BRDA:176,20,0,0
BRDA:176,20,1,0
BRDA:183,21,0,0
BRDA:183,21,1,0
BRDA:198,22,0,0
BRDA:198,22,1,0
BRDA:214,23,0,0
BRDA:214,23,1,0
BRDA:214,24,0,0
BRDA:214,24,1,0
BRDA:214,24,2,0
BRDA:218,25,0,0
BRDA:218,25,1,0
BRDA:229,26,0,0
BRDA:229,26,1,0
BRDA:239,27,0,0
BRDA:239,27,1,0
BRDA:239,28,0,0
BRDA:239,28,1,0
BRDA:244,29,0,0
BRDA:244,29,1,0
BRDA:247,30,0,0
BRDA:247,30,1,0
BRDA:280,31,0,0
BRDA:280,31,1,0
BRDA:289,32,0,0
BRDA:289,32,1,0
BRDA:293,33,0,0
BRDA:293,33,1,0
BRDA:297,34,0,0
BRDA:297,34,1,0
BRDA:301,35,0,0
BRDA:301,35,1,0
BRDA:305,36,0,0
BRDA:305,36,1,0
BRDA:310,37,0,0
BRDA:310,37,1,0
BRF:78
BRH:0
end_of_record
TN:
SF:Backend\controllers\chatController.js
FN:4,(anonymous_0)
FN:33,(anonymous_1)
FN:56,(anonymous_2)
FN:90,(anonymous_3)
FNF:4
FNH:0
FNDA:0,(anonymous_0)
FNDA:0,(anonymous_1)
FNDA:0,(anonymous_2)
FNDA:0,(anonymous_3)
DA:1,0
DA:4,0
DA:5,0
DA:7,0
DA:9,0
DA:10,0
DA:13,0
DA:14,0
DA:19,0
DA:21,0
DA:27,0
DA:28,0
DA:33,0
DA:34,0
DA:36,0
DA:38,0
DA:39,0
DA:47,0
DA:48,0
DA:50,0
DA:51,0
DA:56,0
DA:57,0
DA:59,0
DA:61,0
DA:63,0
DA:66,0
DA:72,0
DA:77,0
DA:79,0
DA:84,0
DA:85,0
DA:90,0
DA:91,0
DA:93,0
DA:95,0
DA:100,0
DA:105,0
DA:116,0
DA:122,0
DA:123,0
DA:125,0
DA:126,0
LF:43
LH:0
BRDA:9,0,0,0
BRDA:9,0,1,0
BRDA:9,1,0,0
BRDA:9,1,1,0
BRDA:9,1,2,0
BRDA:68,2,0,0
BRDA:68,2,1,0
BRDA:68,2,2,0
BRDA:74,3,0,0
BRDA:74,3,1,0
BRDA:74,3,2,0
BRF:11
BRH:0
end_of_record
TN:
SF:Backend\controllers\citaController.js
FN:5,(anonymous_0)
FN:116,(anonymous_1)
FN:155,(anonymous_2)
FN:167,(anonymous_3)
FN:198,(anonymous_4)
FN:216,(anonymous_5)
FN:290,(anonymous_6)
FN:322,(anonymous_7)
FN:387,(anonymous_8)
FN:446,(anonymous_9)
FN:495,(anonymous_10)
FN:540,(anonymous_11)
FN:572,(anonymous_12)
FN:603,(anonymous_13)
FN:630,(anonymous_14)
FN:664,calcularUrgencia
FN:679,(anonymous_16)
FN:707,(anonymous_17)
FN:714,(anonymous_18)
FN:724,(anonymous_19)
FN:755,(anonymous_20)
FN:781,(anonymous_21)
FN:783,(anonymous_22)
FN:799,(anonymous_23)
FN:800,(anonymous_24)
FN:801,(anonymous_25)
FN:804,(anonymous_26)
FN:809,(anonymous_27)
FN:810,(anonymous_28)
FN:811,(anonymous_29)
FN:830,(anonymous_30)
FN:863,(anonymous_31)
FN:877,(anonymous_32)
FN:878,(anonymous_33)
FN:879,(anonymous_34)
FN:880,(anonymous_35)
FN:881,(anonymous_36)
FNF:37
FNH:0
FNDA:0,(anonymous_0)
FNDA:0,(anonymous_1)
FNDA:0,(anonymous_2)
FNDA:0,(anonymous_3)
FNDA:0,(anonymous_4)
FNDA:0,(anonymous_5)
FNDA:0,(anonymous_6)
FNDA:0,(anonymous_7)
FNDA:0,(anonymous_8)
FNDA:0,(anonymous_9)
FNDA:0,(anonymous_10)
FNDA:0,(anonymous_11)
FNDA:0,(anonymous_12)
FNDA:0,(anonymous_13)
FNDA:0,(anonymous_14)
FNDA:0,calcularUrgencia
FNDA:0,(anonymous_16)
FNDA:0,(anonymous_17)
FNDA:0,(anonymous_18)
FNDA:0,(anonymous_19)
FNDA:0,(anonymous_20)
FNDA:0,(anonymous_21)
FNDA:0,(anonymous_22)
FNDA:0,(anonymous_23)
FNDA:0,(anonymous_24)
FNDA:0,(anonymous_25)
FNDA:0,(anonymous_26)
FNDA:0,(anonymous_27)
FNDA:0,(anonymous_28)
FNDA:0,(anonymous_29)
FNDA:0,(anonymous_30)
FNDA:0,(anonymous_31)
FNDA:0,(anonymous_32)
FNDA:0,(anonymous_33)
FNDA:0,(anonymous_34)
FNDA:0,(anonymous_35)
FNDA:0,(anonymous_36)
DA:2,0
DA:5,0
DA:6,0
DA:7,0
DA:9,0
DA:29,0
DA:30,0
DA:31,0
DA:74,0
DA:75,0
DA:77,0
DA:80,0
DA:116,0
DA:117,0
DA:118,0
DA:120,0
DA:122,0
DA:123,0
DA:124,0
DA:127,0
DA:128,0
DA:129,0
DA:132,0
DA:134,0
DA:135,0
DA:136,0
DA:139,0
DA:140,0
DA:142,0
DA:143,0
DA:145,0
DA:146,0
DA:147,0
DA:149,0
DA:150,0
DA:152,0
DA:155,0
DA:158,0
DA:159,0
DA:167,0
DA:168,0
DA:170,0
DA:171,0
DA:192,0
DA:193,0
DA:195,0
DA:198,0
DA:205,0
DA:207,0
DA:208,0
DA:216,0
DA:217,0
DA:218,0
DA:219,0
DA:221,0
DA:222,0
DA:225,0
DA:227,0
DA:228,0
DA:229,0
DA:232,0
DA:233,0
DA:236,0
DA:237,0
DA:241,0
DA:246,0
DA:247,0
DA:251,0
DA:252,0
DA:255,0
DA:256,0
DA:257,0
DA:261,0
DA:262,0
DA:265,0
DA:266,0
DA:268,0
DA:269,0
DA:271,0
DA:273,0
DA:281,0
DA:282,0
DA:290,0
DA:291,0
DA:292,0
DA:294,0
DA:295,0
DA:306,0
DA:307,0
DA:308,0
DA:310,0
DA:312,0
DA:313,0
DA:322,0
DA:323,0
DA:324,0
DA:325,0
DA:327,0
DA:328,0
DA:331,0
DA:333,0
DA:334,0
DA:335,0
DA:338,0
DA:339,0
DA:342,0
DA:343,0
DA:347,0
DA:348,0
DA:349,0
DA:350,0
DA:352,0
DA:353,0
DA:359,0
DA:366,0
DA:371,0
DA:372,0
DA:378,0
DA:379,0
DA:387,0
DA:388,0
DA:389,0
DA:390,0
DA:392,0
DA:393,0
DA:397,0
DA:398,0
DA:399,0
DA:402,0
DA:404,0
DA:406,0
DA:407,0
DA:410,0
DA:413,0
DA:414,0
DA:417,0
DA:418,0
DA:419,0
DA:422,0
DA:423,0
DA:425,0
DA:427,0
DA:429,0
DA:437,0
DA:438,0
DA:446,0
DA:447,0
DA:448,0
DA:450,0
DA:452,0
DA:453,0
DA:454,0
DA:457,0
DA:460,0
DA:461,0
DA:465,0
DA:466,0
DA:467,0
DA:468,0
DA:470,0
DA:471,0
DA:477,0
DA:479,0
DA:480,0
DA:486,0
DA:487,0
DA:495,0
DA:496,0
DA:497,0
DA:499,0
DA:501,0
DA:502,0
DA:503,0
DA:506,0
DA:509,0
DA:510,0
DA:511,0
DA:512,0
DA:514,0
DA:515,0
DA:521,0
DA:523,0
DA:524,0
DA:530,0
DA:531,0
DA:540,0
DA:541,0
DA:542,0
DA:544,0
DA:545,0
DA:546,0
DA:548,0
DA:549,0
DA:550,0
DA:551,0
DA:552,0
DA:554,0
DA:555,0
DA:557,0
DA:560,0
DA:561,0
DA:563,0
DA:564,0
DA:572,0
DA:573,0
DA:575,0
DA:576,0
DA:597,0
DA:598,0
DA:600,0
DA:603,0
DA:612,0
DA:614,0
DA:617,0
DA:618,0
DA:619,0
DA:622,0
DA:630,0
DA:631,0
DA:633,0
DA:634,0
DA:653,0
DA:654,0
DA:656,0
DA:658,0
DA:659,0
DA:665,0
DA:666,0
DA:667,0
DA:669,0
DA:670,0
DA:671,0
DA:672,0
DA:679,0
DA:680,0
DA:681,0
DA:683,0
DA:685,0
DA:698,0
DA:699,0
DA:702,0
DA:703,0
DA:706,0
DA:707,0
DA:708,0
DA:714,0
DA:715,0
DA:716,0
DA:717,0
DA:719,0
DA:724,0
DA:727,0
DA:738,0
DA:746,0
DA:747,0
DA:755,0
DA:756,0
DA:758,0
DA:759,0
DA:777,0
DA:778,0
DA:781,0
DA:782,0
DA:783,0
DA:784,0
DA:789,0
DA:799,0
DA:800,0
DA:801,0
DA:804,0
DA:807,0
DA:809,0
DA:810,0
DA:811,0
DA:814,0
DA:821,0
DA:822,0
DA:830,0
DA:831,0
DA:832,0
DA:834,0
DA:835,0
DA:857,0
DA:858,0
DA:860,0
DA:863,0
DA:875,0
DA:877,0
DA:878,0
DA:879,0
DA:880,0
DA:881,0
DA:884,0
DA:891,0
DA:892,0
LF:295
LH:0
BRDA:29,0,0,0
BRDA:29,0,1,0
BRDA:122,1,0,0
BRDA:122,1,1,0
BRDA:122,2,0,0
BRDA:122,2,1,0
BRDA:122,2,2,0
BRDA:134,3,0,0
BRDA:134,3,1,0
BRDA:145,4,0,0
BRDA:145,4,1,0
BRDA:145,5,0,0
BRDA:145,5,1,0
BRDA:200,6,0,0
BRDA:200,6,1,0
BRDA:201,7,0,0
BRDA:201,7,1,0
BRDA:201,8,0,0
BRDA:201,8,1,0
BRDA:202,9,0,0
BRDA:202,9,1,0
BRDA:202,10,0,0
BRDA:202,10,1,0
BRDA:221,11,0,0
BRDA:221,11,1,0
BRDA:228,12,0,0
BRDA:228,12,1,0
BRDA:236,13,0,0
BRDA:236,13,1,0
BRDA:236,14,0,0
BRDA:236,14,1,0
BRDA:246,15,0,0
BRDA:246,15,1,0
BRDA:255,16,0,0
BRDA:255,16,1,0
BRDA:256,17,0,0
BRDA:256,17,1,0
BRDA:258,18,0,0
BRDA:258,18,1,0
BRDA:327,19,0,0
BRDA:327,19,1,0
BRDA:327,20,0,0
BRDA:327,20,1,0
BRDA:334,21,0,0
BRDA:334,21,1,0
BRDA:342,22,0,0
BRDA:342,22,1,0
BRDA:352,23,0,0
BRDA:352,23,1,0
BRDA:362,24,0,0
BRDA:362,24,1,0
BRDA:363,25,0,0
BRDA:363,25,1,0
BRDA:392,26,0,0
BRDA:392,26,1,0
BRDA:398,27,0,0
BRDA:398,27,1,0
BRDA:406,28,0,0
BRDA:406,28,1,0
BRDA:417,29,0,0
BRDA:417,29,1,0
BRDA:453,30,0,0
BRDA:453,30,1,0
BRDA:460,31,0,0
BRDA:460,31,1,0
BRDA:470,32,0,0
BRDA:470,32,1,0
BRDA:502,33,0,0
BRDA:502,33,1,0
BRDA:514,34,0,0
BRDA:514,34,1,0
BRDA:548,35,0,0
BRDA:548,35,1,0
BRDA:548,36,0,0
BRDA:548,36,1,0
BRDA:550,37,0,0
BRDA:550,37,1,0
BRDA:551,38,0,0
BRDA:551,38,1,0
BRDA:605,39,0,0
BRDA:605,39,1,0
BRDA:606,40,0,0
BRDA:606,40,1,0
BRDA:606,41,0,0
BRDA:606,41,1,0
BRDA:607,42,0,0
BRDA:607,42,1,0
BRDA:607,43,0,0
BRDA:607,43,1,0
BRDA:617,44,0,0
BRDA:617,44,1,0
BRDA:669,45,0,0
BRDA:669,45,1,0
BRDA:670,46,0,0
BRDA:670,46,1,0
BRDA:671,47,0,0
BRDA:671,47,1,0
BRDA:698,48,0,0
BRDA:698,48,1,0
BRDA:706,49,0,0
BRDA:706,49,1,0
BRDA:708,50,0,0
BRDA:708,50,1,0
BRDA:708,50,2,0
BRDA:716,51,0,0
BRDA:716,51,1,0
BRDA:722,52,0,0
BRDA:722,52,1,0
BRDA:735,53,0,0
BRDA:735,53,1,0
BRDA:782,54,0,0
BRDA:782,54,1,0
BRDA:784,55,0,0
BRDA:784,55,1,0
BRDA:784,55,2,0
BRDA:797,56,0,0
BRDA:797,56,1,0
BRDA:865,57,0,0
BRDA:865,57,1,0
BRDA:866,58,0,0
BRDA:866,58,1,0
BRDA:867,59,0,0
BRDA:867,59,1,0
BRDA:867,60,0,0
BRDA:867,60,1,0
BRDA:868,61,0,0
BRDA:868,61,1,0
BRDA:869,62,0,0
BRDA:869,62,1,0
BRDA:870,63,0,0
BRDA:870,63,1,0
BRDA:871,64,0,0
BRDA:871,64,1,0
BRDA:877,65,0,0
BRDA:877,65,1,0
BRDA:880,66,0,0
BRDA:880,66,1,0
BRDA:881,67,0,0
BRDA:881,67,1,0
BRF:139
BRH:0
end_of_record
TN:
SF:Backend\controllers\comunicacionesController.js
FN:16,(anonymous_0)
FN:66,(anonymous_1)
FN:117,(anonymous_2)
FN:176,(anonymous_3)
FN:218,(anonymous_4)
FN:225,(anonymous_5)
FN:250,(anonymous_6)
FN:291,programarNotificacion
FN:352,(anonymous_8)
FN:371,(anonymous_9)
FN:387,(anonymous_10)
FNF:11
FNH:0
FNDA:0,(anonymous_0)
FNDA:0,(anonymous_1)
FNDA:0,(anonymous_2)
FNDA:0,(anonymous_3)
FNDA:0,(anonymous_4)
FNDA:0,(anonymous_5)
FNDA:0,(anonymous_6)
FNDA:0,programarNotificacion
FNDA:0,(anonymous_8)
FNDA:0,(anonymous_9)
FNDA:0,(anonymous_10)
DA:6,0
DA:7,0
DA:9,0
DA:16,0
DA:17,0
DA:18,0
DA:19,0
DA:21,0
DA:51,0
DA:57,0
DA:58,0
DA:66,0
DA:67,0
DA:68,0
DA:69,0
DA:70,0
DA:72,0
DA:74,0
DA:94,0
DA:102,0
DA:108,0
DA:109,0
DA:117,0
DA:118,0
DA:119,0
DA:120,0
DA:122,0
DA:125,0
DA:127,0
DA:135,0
DA:147,0
DA:156,0
DA:163,0
DA:164,0
DA:176,0
DA:177,0
DA:178,0
DA:180,0
DA:185,0
DA:187,0
DA:192,0
DA:197,0
DA:203,0
DA:209,0
DA:210,0
DA:218,0
DA:219,0
DA:220,0
DA:221,0
DA:223,0
DA:225,0
DA:226,0
DA:227,0
DA:229,0
DA:235,0
DA:241,0
DA:242,0
DA:250,0
DA:251,0
DA:252,0
DA:253,0
DA:255,0
DA:256,0
DA:258,0
DA:259,0
DA:260,0
DA:263,0
DA:264,0
DA:265,0
DA:268,0
DA:276,0
DA:282,0
DA:283,0
DA:292,0
DA:294,0
DA:298,0
DA:300,0
DA:303,0
DA:310,0
DA:311,0
DA:312,0
DA:313,0
DA:314,0
DA:318,0
DA:321,0
DA:325,0
DA:327,0
DA:332,0
DA:339,0
DA:342,0
DA:343,0
DA:352,0
DA:353,0
DA:354,0
DA:356,0
DA:369,0
DA:371,0
DA:378,0
DA:379,0
DA:387,0
DA:388,0
DA:389,0
DA:393,0
DA:395,0
DA:397,0
DA:409,0
DA:416,0
DA:417,0
DA:424,0
DA:426,0
LF:110
LH:0
BRDA:70,0,0,0
BRDA:70,1,0,0
BRDA:120,2,0,0
BRDA:149,3,0,0
BRDA:149,3,1,0
BRDA:185,4,0,0
BRDA:185,4,1,0
BRDA:253,5,0,0
BRDA:253,6,0,0
BRDA:258,7,0,0
BRDA:258,7,1,0
BRDA:263,8,0,0
BRDA:263,8,1,0
BRDA:291,9,0,0
BRDA:291,10,0,0
BRDA:298,11,0,0
BRDA:298,11,1,0
BRDA:306,12,0,0
BRDA:306,12,1,0
BRDA:307,13,0,0
BRDA:307,13,1,0
BRDA:312,14,0,0
BRDA:312,14,1,0
BRDA:312,15,0,0
BRDA:312,15,1,0
BRDA:318,16,0,0
BRDA:318,16,1,0
BRDA:325,17,0,0
BRDA:325,17,1,0
BRDA:327,18,0,0
BRDA:327,18,1,0
BRDA:328,19,0,0
BRDA:328,19,1,0
BRDA:373,20,0,0
BRDA:373,20,1,0
BRDA:392,21,0,0
BRDA:392,22,0,0
BRF:37
BRH:0
end_of_record
TN:
SF:Backend\controllers\contactoController.js
FN:4,(anonymous_0)
FN:65,(anonymous_1)
FN:128,(anonymous_2)
FN:156,(anonymous_3)
FNF:4
FNH:0
FNDA:0,(anonymous_0)
FNDA:0,(anonymous_1)
FNDA:0,(anonymous_2)
FNDA:0,(anonymous_3)
DA:1,0
DA:4,0
DA:5,0
DA:6,0
DA:9,0
DA:10,0
DA:16,0
DA:17,0
DA:18,0
DA:23,0
DA:35,0
DA:44,0
DA:56,0
DA:57,0
DA:65,0
DA:66,0
DA:67,0
DA:68,0
DA:70,0
DA:71,0
DA:73,0
DA:74,0
DA:75,0
DA:78,0
DA:79,0
DA:80,0
DA:83,0
DA:84,0
DA:85,0
DA:87,0
DA:105,0
DA:106,0
DA:108,0
DA:119,0
DA:120,0
DA:128,0
DA:129,0
DA:130,0
DA:132,0
DA:138,0
DA:140,0
DA:141,0
DA:144,0
DA:147,0
DA:148,0
DA:156,0
DA:157,0
DA:158,0
DA:160,0
DA:161,0
DA:163,0
DA:164,0
DA:167,0
DA:170,0
DA:171,0
DA:178,0
LF:56
LH:0
BRDA:9,0,0,0
BRDA:9,0,1,0
BRDA:9,1,0,0
BRDA:9,1,1,0
BRDA:9,1,2,0
BRDA:9,1,3,0
BRDA:17,2,0,0
BRDA:17,2,1,0
BRDA:40,3,0,0
BRDA:40,3,1,0
BRDA:41,4,0,0
BRDA:41,4,1,0
BRDA:59,5,0,0
BRDA:59,5,1,0
BRDA:67,6,0,0
BRDA:67,7,0,0
BRDA:73,8,0,0
BRDA:73,8,1,0
BRDA:78,9,0,0
BRDA:78,9,1,0
BRDA:79,10,0,0
BRDA:79,10,1,0
BRDA:122,11,0,0
BRDA:122,11,1,0
BRDA:140,12,0,0
BRDA:140,12,1,0
BRDA:150,13,0,0
BRDA:150,13,1,0
BRDA:163,14,0,0
BRDA:163,14,1,0
BRDA:173,15,0,0
BRDA:173,15,1,0
BRF:32
BRH:0
end_of_record
TN:
SF:Backend\controllers\estadisticasController.js
FN:11,(anonymous_0)
FN:126,(anonymous_1)
FN:181,(anonymous_2)
FN:184,(anonymous_3)
FN:190,(anonymous_4)
FN:192,(anonymous_5)
FN:194,(anonymous_6)
FN:226,(anonymous_7)
FN:270,(anonymous_8)
FN:272,(anonymous_9)
FN:278,(anonymous_10)
FN:310,(anonymous_11)
FN:350,(anonymous_12)
FN:352,(anonymous_13)
FN:355,(anonymous_14)
FN:361,(anonymous_15)
FN:362,(anonymous_16)
FN:363,(anonymous_17)
FN:364,(anonymous_18)
FN:399,(anonymous_19)
FN:430,(anonymous_20)
FN:434,(anonymous_21)
FN:441,(anonymous_22)
FN:448,(anonymous_23)
FN:495,(anonymous_24)
FN:533,(anonymous_25)
FN:543,(anonymous_26)
FN:544,(anonymous_27)
FN:568,(anonymous_28)
FN:622,generarReporteFinanciero
FN:639,generarReporteOperativo
FN:654,generarReportePacientes
FN:673,generarReporteGeneral
FNF:33
FNH:0
FNDA:0,(anonymous_0)
FNDA:0,(anonymous_1)
FNDA:0,(anonymous_2)
FNDA:0,(anonymous_3)
FNDA:0,(anonymous_4)
FNDA:0,(anonymous_5)
FNDA:0,(anonymous_6)
FNDA:0,(anonymous_7)
FNDA:0,(anonymous_8)
FNDA:0,(anonymous_9)
FNDA:0,(anonymous_10)
FNDA:0,(anonymous_11)
FNDA:0,(anonymous_12)
FNDA:0,(anonymous_13)
FNDA:0,(anonymous_14)
FNDA:0,(anonymous_15)
FNDA:0,(anonymous_16)
FNDA:0,(anonymous_17)
FNDA:0,(anonymous_18)
FNDA:0,(anonymous_19)
FNDA:0,(anonymous_20)
FNDA:0,(anonymous_21)
FNDA:0,(anonymous_22)
FNDA:0,(anonymous_23)
FNDA:0,(anonymous_24)
FNDA:0,(anonymous_25)
FNDA:0,(anonymous_26)
FNDA:0,(anonymous_27)
FNDA:0,(anonymous_28)
FNDA:0,generarReporteFinanciero
FNDA:0,generarReporteOperativo
FNDA:0,generarReportePacientes
FNDA:0,generarReporteGeneral
DA:8,0
DA:11,0
DA:12,0
DA:13,0
DA:16,0
DA:17,0
DA:18,0
DA:20,0
DA:23,0
DA:29,0
DA:31,0
DA:32,0
DA:33,0
DA:37,0
DA:42,0
DA:44,0
DA:45,0
DA:46,0
DA:50,0
DA:57,0
DA:59,0
DA:60,0
DA:61,0
DA:65,0
DA:72,0
DA:74,0
DA:75,0
DA:76,0
DA:85,0
DA:92,0
DA:103,0
DA:104,0
DA:107,0
DA:110,0
DA:121,0
DA:126,0
DA:127,0
DA:128,0
DA:130,0
DA:134,0
DA:136,0
DA:137,0
DA:138,0
DA:139,0
DA:141,0
DA:142,0
DA:143,0
DA:144,0
DA:146,0
DA:147,0
DA:148,0
DA:151,0
DA:161,0
DA:163,0
DA:164,0
DA:165,0
DA:168,0
DA:171,0
DA:172,0
DA:173,0
DA:176,0
DA:178,0
DA:180,0
DA:181,0
DA:184,0
DA:190,0
DA:192,0
DA:194,0
DA:198,0
DA:199,0
DA:202,0
DA:205,0
DA:221,0
DA:226,0
DA:227,0
DA:228,0
DA:230,0
DA:232,0
DA:247,0
DA:248,0
DA:250,0
DA:251,0
DA:252,0
DA:253,0
DA:256,0
DA:257,0
DA:258,0
DA:259,0
DA:262,0
DA:265,0
DA:267,0
DA:269,0
DA:270,0
DA:272,0
DA:278,0
DA:285,0
DA:286,0
DA:289,0
DA:292,0
DA:305,0
DA:310,0
DA:311,0
DA:312,0
DA:314,0
DA:316,0
DA:329,0
DA:330,0
DA:332,0
DA:333,0
DA:334,0
DA:335,0
DA:338,0
DA:339,0
DA:340,0
DA:341,0
DA:344,0
DA:346,0
DA:347,0
DA:349,0
DA:350,0
DA:352,0
DA:355,0
DA:361,0
DA:362,0
DA:363,0
DA:364,0
DA:368,0
DA:369,0
DA:372,0
DA:375,0
DA:394,0
DA:399,0
DA:400,0
DA:401,0
DA:403,0
DA:405,0
DA:418,0
DA:420,0
DA:421,0
DA:422,0
DA:425,0
DA:427,0
DA:429,0
DA:430,0
DA:434,0
DA:441,0
DA:448,0
DA:457,0
DA:458,0
DA:461,0
DA:464,0
DA:490,0
DA:495,0
DA:496,0
DA:497,0
DA:499,0
DA:501,0
DA:512,0
DA:514,0
DA:515,0
DA:516,0
DA:519,0
DA:520,0
DA:521,0
DA:524,0
DA:529,0
DA:531,0
DA:533,0
DA:543,0
DA:544,0
DA:545,0
DA:548,0
DA:549,0
DA:552,0
DA:555,0
DA:563,0
DA:568,0
DA:569,0
DA:570,0
DA:580,0
DA:582,0
DA:585,0
DA:587,0
DA:588,0
DA:590,0
DA:591,0
DA:593,0
DA:594,0
DA:596,0
DA:600,0
DA:608,0
DA:609,0
DA:612,0
DA:613,0
DA:624,0
DA:641,0
DA:656,0
DA:674,0
DA:691,0
LF:199
LH:0
BRDA:20,0,0,0
BRDA:20,1,0,0
BRDA:31,2,0,0
BRDA:31,2,1,0
BRDA:44,3,0,0
BRDA:44,3,1,0
BRDA:59,4,0,0
BRDA:59,4,1,0
BRDA:74,5,0,0
BRDA:74,5,1,0
BRDA:93,6,0,0
BRDA:93,6,1,0
BRDA:94,7,0,0
BRDA:94,7,1,0
BRDA:95,8,0,0
BRDA:95,8,1,0
BRDA:96,9,0,0
BRDA:96,9,1,0
BRDA:130,10,0,0
BRDA:134,11,0,0
BRDA:134,11,1,0
BRDA:134,11,2,0
BRDA:163,12,0,0
BRDA:163,12,1,0
BRDA:163,13,0,0
BRDA:163,13,1,0
BRDA:171,14,0,0
BRDA:171,14,1,0
BRDA:191,15,0,0
BRDA:191,15,1,0
BRDA:193,16,0,0
BRDA:193,16,1,0
BRDA:194,17,0,0
BRDA:194,17,1,0
BRDA:239,18,0,0
BRDA:239,18,1,0
BRDA:239,19,0,0
BRDA:239,19,1,0
BRDA:240,20,0,0
BRDA:240,20,1,0
BRDA:250,21,0,0
BRDA:250,21,1,0
BRDA:250,22,0,0
BRDA:250,22,1,0
BRDA:256,23,0,0
BRDA:256,23,1,0
BRDA:270,24,0,0
BRDA:270,24,1,0
BRDA:279,25,0,0
BRDA:279,25,1,0
BRDA:322,26,0,0
BRDA:322,26,1,0
BRDA:322,27,0,0
BRDA:322,27,1,0
BRDA:323,28,0,0
BRDA:323,28,1,0
BRDA:332,29,0,0
BRDA:332,29,1,0
BRDA:332,30,0,0
BRDA:332,30,1,0
BRDA:338,31,0,0
BRDA:338,31,1,0
BRDA:350,32,0,0
BRDA:350,32,1,0
BRDA:356,33,0,0
BRDA:356,33,1,0
BRDA:362,34,0,0
BRDA:362,34,1,0
BRDA:363,35,0,0
BRDA:363,35,1,0
BRDA:364,36,0,0
BRDA:364,36,1,0
BRDA:420,37,0,0
BRDA:420,37,1,0
BRDA:420,38,0,0
BRDA:420,38,1,0
BRDA:499,39,0,0
BRDA:514,40,0,0
BRDA:514,40,1,0
BRDA:514,41,0,0
BRDA:514,41,1,0
BRDA:519,42,0,0
BRDA:519,42,1,0
BRDA:535,43,0,0
BRDA:535,43,1,0
BRDA:537,44,0,0
BRDA:537,44,1,0
BRDA:538,45,0,0
BRDA:538,45,1,0
BRDA:579,46,0,0
BRDA:585,47,0,0
BRDA:585,47,1,0
BRDA:585,47,2,0
BRDA:585,47,3,0
BRDA:603,48,0,0
BRDA:603,48,1,0
BRF:96
BRH:0
end_of_record
TN:
SF:Backend\controllers\evaluacionesController.js
FN:6,(anonymous_0)
FN:141,(anonymous_1)
FN:173,(anonymous_2)
FN:244,(anonymous_3)
FN:276,(anonymous_4)
FN:319,(anonymous_5)
FNF:6
FNH:0
FNDA:0,(anonymous_0)
FNDA:0,(anonymous_1)
FNDA:0,(anonymous_2)
FNDA:0,(anonymous_3)
FNDA:0,(anonymous_4)
FNDA:0,(anonymous_5)
DA:1,0
DA:3,0
DA:6,0
DA:7,0
DA:8,0
DA:10,0
DA:24,0
DA:25,0
DA:26,0
DA:87,0
DA:88,0
DA:93,0
DA:96,0
DA:141,0
DA:142,0
DA:143,0
DA:144,0
DA:146,0
DA:158,0
DA:159,0
DA:164,0
DA:165,0
DA:173,0
DA:174,0
DA:182,0
DA:184,0
DA:185,0
DA:187,0
DA:188,0
DA:195,0
DA:200,0
DA:201,0
DA:208,0
DA:213,0
DA:214,0
DA:220,0
DA:228,0
DA:229,0
DA:235,0
DA:236,0
DA:244,0
DA:245,0
DA:246,0
DA:247,0
DA:249,0
DA:261,0
DA:262,0
DA:267,0
DA:268,0
DA:276,0
DA:277,0
DA:278,0
DA:280,0
DA:290,0
DA:303,0
DA:304,0
DA:310,0
DA:311,0
DA:319,0
DA:320,0
DA:321,0
DA:322,0
DA:324,0
DA:337,0
DA:338,0
DA:343,0
DA:344,0
DA:351,0
LF:68
LH:0
BRDA:24,0,0,0
BRDA:24,0,1,0
BRDA:143,1,0,0
BRDA:143,1,1,0
BRDA:187,2,0,0
BRDA:187,2,1,0
BRDA:187,3,0,0
BRDA:187,3,1,0
BRDA:187,3,2,0
BRDA:187,3,3,0
BRDA:200,4,0,0
BRDA:200,4,1,0
BRDA:213,5,0,0
BRDA:213,5,1,0
BRDA:226,6,0,0
BRDA:226,6,1,0
BRDA:226,7,0,0
BRDA:226,7,1,0
BRDA:246,8,0,0
BRDA:246,8,1,0
BRF:20
BRH:0
end_of_record
TN:
SF:Backend\controllers\faqController.js
FN:3,(anonymous_0)
FN:87,(anonymous_1)
FNF:2
FNH:0
FNDA:0,(anonymous_0)
FNDA:0,(anonymous_1)
DA:1,0
DA:3,0
DA:4,0
DA:5,0
DA:8,0
DA:9,0
DA:10,0
DA:59,0
DA:61,0
DA:64,0
DA:87,0
DA:88,0
DA:89,0
DA:90,0
DA:91,0
DA:92,0
DA:94,0
LF:17
LH:0
BRDA:8,0,0,0
BRDA:8,0,1,0
BRDA:89,1,0,0
BRDA:89,1,1,0
BRDA:89,2,0,0
BRDA:89,2,1,0
BRF:6
BRH:0
end_of_record
TN:
SF:Backend\controllers\historialController.js
FN:3,(anonymous_0)
FN:13,(anonymous_1)
FN:38,(anonymous_2)
FN:61,(anonymous_3)
FN:88,(anonymous_4)
FNF:5
FNH:0
FNDA:0,(anonymous_0)
FNDA:0,(anonymous_1)
FNDA:0,(anonymous_2)
FNDA:0,(anonymous_3)
FNDA:0,(anonymous_4)
DA:1,0
DA:3,0
DA:4,0
DA:5,0
DA:6,0
DA:7,0
DA:9,0
DA:13,0
DA:14,0
DA:15,0
DA:18,0
DA:20,0
DA:21,0
DA:26,0
DA:27,0
DA:33,0
DA:34,0
DA:38,0
DA:39,0
DA:40,0
DA:41,0
DA:50,0
DA:51,0
DA:54,0
DA:56,0
DA:57,0
DA:61,0
DA:62,0
DA:63,0
DA:65,0
DA:66,0
DA:69,0
DA:70,0
DA:76,0
DA:77,0
DA:80,0
DA:81,0
DA:83,0
DA:84,0
DA:88,0
DA:89,0
DA:90,0
DA:91,0
DA:93,0
DA:94,0
DA:97,0
DA:99,0
DA:100,0
LF:48
LH:0
BRDA:15,0,0,0
BRDA:15,0,1,0
BRDA:15,1,0,0
BRDA:15,1,1,0
BRDA:15,1,2,0
BRDA:15,1,3,0
BRDA:18,2,0,0
BRDA:18,2,1,0
BRDA:50,3,0,0
BRDA:50,3,1,0
BRDA:65,4,0,0
BRDA:65,4,1,0
BRDA:65,5,0,0
BRDA:65,5,1,0
BRDA:74,6,0,0
BRDA:74,6,1,0
BRDA:76,7,0,0
BRDA:76,7,1,0
BRDA:80,8,0,0
BRDA:80,8,1,0
BRDA:93,9,0,0
BRDA:93,9,1,0
BRF:22
BRH:0
end_of_record
TN:
SF:Backend\controllers\iaAutomatizacionController.js
FN:15,(anonymous_0)
FN:37,(anonymous_1)
FN:63,(anonymous_2)
FN:96,(anonymous_3)
FN:121,(anonymous_4)
FN:159,(anonymous_5)
FN:200,(anonymous_6)
FN:240,(anonymous_7)
FN:270,(anonymous_8)
FN:293,(anonymous_9)
FN:338,(anonymous_10)
FN:380,(anonymous_11)
FN:416,(anonymous_12)
FN:436,(anonymous_13)
FN:488,(anonymous_14)
FN:507,(anonymous_15)
FN:530,(anonymous_16)
FN:570,(anonymous_17)
FN:614,(anonymous_18)
FN:647,(anonymous_19)
FN:667,(anonymous_20)
FN:685,(anonymous_21)
FN:711,(anonymous_22)
FNF:23
FNH:0
FNDA:0,(anonymous_0)
FNDA:0,(anonymous_1)
FNDA:0,(anonymous_2)
FNDA:0,(anonymous_3)
FNDA:0,(anonymous_4)
FNDA:0,(anonymous_5)
FNDA:0,(anonymous_6)
FNDA:0,(anonymous_7)
FNDA:0,(anonymous_8)
FNDA:0,(anonymous_9)
FNDA:0,(anonymous_10)
FNDA:0,(anonymous_11)
FNDA:0,(anonymous_12)
FNDA:0,(anonymous_13)
FNDA:0,(anonymous_14)
FNDA:0,(anonymous_15)
FNDA:0,(anonymous_16)
FNDA:0,(anonymous_17)
FNDA:0,(anonymous_18)
FNDA:0,(anonymous_19)
FNDA:0,(anonymous_20)
FNDA:0,(anonymous_21)
FNDA:0,(anonymous_22)
DA:6,0
DA:7,0
DA:16,0
DA:17,0
DA:26,0
DA:32,0
DA:33,0
DA:38,0
DA:39,0
DA:40,0
DA:42,0
DA:48,0
DA:49,0
DA:52,0
DA:54,0
DA:55,0
DA:64,0
DA:65,0
DA:68,0
DA:70,0
DA:81,0
DA:91,0
DA:92,0
DA:97,0
DA:98,0
DA:100,0
DA:110,0
DA:112,0
DA:113,0
DA:122,0
DA:123,0
DA:126,0
DA:130,0
DA:141,0
DA:154,0
DA:155,0
DA:160,0
DA:161,0
DA:163,0
DA:172,0
DA:174,0
DA:175,0
DA:176,0
DA:179,0
DA:180,0
DA:181,0
DA:184,0
DA:185,0
DA:187,0
DA:189,0
DA:191,0
DA:192,0
DA:201,0
DA:202,0
DA:205,0
DA:210,0
DA:211,0
DA:215,0
DA:218,0
DA:219,0
DA:232,0
DA:235,0
DA:236,0
DA:241,0
DA:242,0
DA:243,0
DA:245,0
DA:255,0
DA:256,0
DA:259,0
DA:261,0
DA:263,0
DA:265,0
DA:266,0
DA:271,0
DA:272,0
DA:273,0
DA:275,0
DA:282,0
DA:284,0
DA:285,0
DA:294,0
DA:295,0
DA:298,0
DA:305,0
DA:320,0
DA:329,0
DA:330,0
DA:339,0
DA:340,0
DA:342,0
DA:348,0
DA:362,0
DA:371,0
DA:372,0
DA:381,0
DA:385,0
DA:388,0
DA:392,0
DA:404,0
DA:411,0
DA:412,0
DA:417,0
DA:418,0
DA:429,0
DA:431,0
DA:432,0
DA:437,0
DA:438,0
DA:440,0
DA:444,0
DA:445,0
DA:449,0
DA:452,0
DA:476,0
DA:479,0
DA:480,0
DA:489,0
DA:490,0
DA:500,0
DA:502,0
DA:503,0
DA:508,0
DA:509,0
DA:510,0
DA:512,0
DA:519,0
DA:521,0
DA:522,0
DA:532,0
DA:534,0
DA:535,0
DA:536,0
DA:537,0
DA:538,0
DA:539,0
DA:542,0
DA:543,0
DA:544,0
DA:545,0
DA:546,0
DA:547,0
DA:550,0
DA:551,0
DA:552,0
DA:553,0
DA:554,0
DA:555,0
DA:556,0
DA:559,0
DA:560,0
DA:561,0
DA:562,0
DA:563,0
DA:564,0
DA:567,0
DA:574,0
DA:576,0
DA:577,0
DA:578,0
DA:579,0
DA:585,0
DA:588,0
DA:589,0
DA:590,0
DA:591,0
DA:596,0
DA:599,0
DA:600,0
DA:601,0
DA:602,0
DA:605,0
DA:616,0
DA:619,0
DA:632,0
DA:644,0
DA:649,0
DA:669,0
DA:686,0
DA:687,0
DA:689,0
DA:691,0
DA:692,0
DA:694,0
DA:695,0
DA:696,0
DA:697,0
DA:699,0
DA:701,0
DA:702,0
DA:704,0
DA:705,0
DA:708,0
DA:713,0
DA:714,0
DA:715,0
DA:718,0
DA:719,0
DA:720,0
DA:728,0
DA:734,0
DA:743,0
LF:202
LH:0
BRDA:48,0,0,0
BRDA:48,0,1,0
BRDA:161,1,0,0
BRDA:174,2,0,0
BRDA:174,2,1,0
BRDA:179,3,0,0
BRDA:179,3,1,0
BRDA:210,4,0,0
BRDA:210,4,1,0
BRDA:243,5,0,0
BRDA:255,6,0,0
BRDA:255,6,1,0
BRDA:401,7,0,0
BRDA:401,7,1,0
BRDA:444,8,0,0
BRDA:444,8,1,0
BRDA:465,9,0,0
BRDA:465,9,1,0
BRDA:466,10,0,0
BRDA:466,10,1,0
BRDA:542,11,0,0
BRDA:542,11,1,0
BRDA:542,12,0,0
BRDA:542,12,1,0
BRDA:550,13,0,0
BRDA:550,13,1,0
BRDA:550,14,0,0
BRDA:550,14,1,0
BRDA:550,14,2,0
BRDA:559,15,0,0
BRDA:559,15,1,0
BRDA:559,16,0,0
BRDA:559,16,1,0
BRDA:559,16,2,0
BRDA:574,17,0,0
BRDA:574,17,1,0
BRDA:574,17,2,0
BRDA:689,18,0,0
BRDA:689,18,1,0
BRDA:689,18,2,0
BRDA:689,18,3,0
BRDA:691,19,0,0
BRDA:691,19,1,0
BRDA:695,20,0,0
BRDA:695,20,1,0
BRDA:718,21,0,0
BRDA:718,21,1,0
BRF:47
BRH:0
end_of_record
TN:
SF:Backend\controllers\integracionController.js
FN:17,(anonymous_0)
FN:40,(anonymous_1)
FN:70,(anonymous_2)
FN:110,(anonymous_3)
FN:128,(anonymous_4)
FN:157,(anonymous_5)
FN:222,(anonymous_6)
FN:243,(anonymous_7)
FN:305,(anonymous_8)
FN:323,(anonymous_9)
FN:366,(anonymous_10)
FN:398,(anonymous_11)
FN:422,(anonymous_12)
FN:484,(anonymous_13)
FN:521,(anonymous_14)
FN:583,(anonymous_15)
FN:609,(anonymous_16)
FN:640,(anonymous_17)
FN:649,(anonymous_18)
FN:658,(anonymous_19)
FN:667,(anonymous_20)
FN:676,(anonymous_21)
FN:700,(anonymous_22)
FN:710,(anonymous_23)
FN:719,(anonymous_24)
FN:743,(anonymous_25)
FNF:26
FNH:0
FNDA:0,(anonymous_0)
FNDA:0,(anonymous_1)
FNDA:0,(anonymous_2)
FNDA:0,(anonymous_3)
FNDA:0,(anonymous_4)
FNDA:0,(anonymous_5)
FNDA:0,(anonymous_6)
FNDA:0,(anonymous_7)
FNDA:0,(anonymous_8)
FNDA:0,(anonymous_9)
FNDA:0,(anonymous_10)
FNDA:0,(anonymous_11)
FNDA:0,(anonymous_12)
FNDA:0,(anonymous_13)
FNDA:0,(anonymous_14)
FNDA:0,(anonymous_15)
FNDA:0,(anonymous_16)
FNDA:0,(anonymous_17)
FNDA:0,(anonymous_18)
FNDA:0,(anonymous_19)
FNDA:0,(anonymous_20)
FNDA:0,(anonymous_21)
FNDA:0,(anonymous_22)
FNDA:0,(anonymous_23)
FNDA:0,(anonymous_24)
FNDA:0,(anonymous_25)
DA:6,0
DA:7,0
DA:8,0
DA:9,0
DA:18,0
DA:19,0
DA:29,0
DA:35,0
DA:36,0
DA:41,0
DA:46,0
DA:48,0
DA:59,0
DA:65,0
DA:66,0
DA:71,0
DA:72,0
DA:74,0
DA:78,0
DA:79,0
DA:82,0
DA:85,0
DA:88,0
DA:94,0
DA:101,0
DA:102,0
DA:111,0
DA:112,0
DA:121,0
DA:123,0
DA:124,0
DA:129,0
DA:133,0
DA:135,0
DA:146,0
DA:152,0
DA:153,0
DA:158,0
DA:159,0
DA:160,0
DA:161,0
DA:164,0
DA:169,0
DA:170,0
DA:173,0
DA:176,0
DA:177,0
DA:178,0
DA:179,0
DA:184,0
DA:187,0
DA:198,0
DA:206,0
DA:213,0
DA:214,0
DA:223,0
DA:224,0
DA:236,0
DA:238,0
DA:239,0
DA:244,0
DA:245,0
DA:246,0
DA:248,0
DA:255,0
DA:256,0
DA:259,0
DA:262,0
DA:263,0
DA:271,0
DA:274,0
DA:276,0
DA:289,0
DA:296,0
DA:297,0
DA:306,0
DA:307,0
DA:316,0
DA:318,0
DA:319,0
DA:324,0
DA:325,0
DA:327,0
DA:331,0
DA:332,0
DA:335,0
DA:338,0
DA:341,0
DA:350,0
DA:357,0
DA:358,0
DA:367,0
DA:368,0
DA:370,0
DA:379,0
DA:381,0
DA:382,0
DA:383,0
DA:386,0
DA:387,0
DA:389,0
DA:391,0
DA:393,0
DA:394,0
DA:399,0
DA:403,0
DA:405,0
DA:411,0
DA:417,0
DA:418,0
DA:423,0
DA:425,0
DA:439,0
DA:440,0
DA:443,0
DA:446,0
DA:454,0
DA:457,0
DA:468,0
DA:475,0
DA:476,0
DA:485,0
DA:486,0
DA:488,0
DA:497,0
DA:499,0
DA:500,0
DA:501,0
DA:504,0
DA:505,0
DA:506,0
DA:509,0
DA:510,0
DA:512,0
DA:514,0
DA:516,0
DA:517,0
DA:522,0
DA:524,0
DA:533,0
DA:543,0
DA:553,0
DA:562,0
DA:574,0
DA:575,0
DA:584,0
DA:585,0
DA:588,0
DA:593,0
DA:600,0
DA:610,0
DA:611,0
DA:613,0
DA:615,0
DA:617,0
DA:618,0
DA:620,0
DA:621,0
DA:623,0
DA:624,0
DA:626,0
DA:627,0
DA:630,0
DA:632,0
DA:642,0
DA:651,0
DA:660,0
DA:669,0
DA:677,0
DA:678,0
DA:680,0
DA:682,0
DA:683,0
DA:685,0
DA:686,0
DA:688,0
DA:689,0
DA:691,0
DA:692,0
DA:694,0
DA:697,0
DA:702,0
DA:712,0
DA:720,0
DA:722,0
DA:723,0
DA:726,0
DA:728,0
DA:730,0
DA:731,0
DA:733,0
DA:734,0
DA:736,0
DA:737,0
DA:739,0
DA:743,0
DA:745,0
DA:753,0
DA:763,0
LF:199
LH:0
BRDA:78,0,0,0
BRDA:78,0,1,0
BRDA:92,1,0,0
BRDA:92,1,1,0
BRDA:169,2,0,0
BRDA:169,2,1,0
BRDA:176,3,0,0
BRDA:176,3,1,0
BRDA:177,4,0,0
BRDA:177,4,1,0
BRDA:178,5,0,0
BRDA:178,5,1,0
BRDA:178,6,0,0
BRDA:178,6,1,0
BRDA:204,7,0,0
BRDA:204,7,1,0
BRDA:246,8,0,0
BRDA:255,9,0,0
BRDA:255,9,1,0
BRDA:262,10,0,0
BRDA:262,10,1,0
BRDA:262,11,0,0
BRDA:262,11,1,0
BRDA:262,11,2,0
BRDA:331,12,0,0
BRDA:331,12,1,0
BRDA:346,13,0,0
BRDA:346,13,1,0
BRDA:368,14,0,0
BRDA:381,15,0,0
BRDA:381,15,1,0
BRDA:401,16,0,0
BRDA:402,17,0,0
BRDA:439,18,0,0
BRDA:439,18,1,0
BRDA:463,19,0,0
BRDA:463,19,1,0
BRDA:486,20,0,0
BRDA:499,21,0,0
BRDA:499,21,1,0
BRDA:504,22,0,0
BRDA:504,22,1,0
BRDA:585,23,0,0
BRDA:585,23,1,0
BRDA:590,24,0,0
BRDA:590,24,1,0
BRDA:602,25,0,0
BRDA:602,25,1,0
BRDA:611,26,0,0
BRDA:611,26,1,0
BRDA:615,27,0,0
BRDA:615,27,1,0
BRDA:615,27,2,0
BRDA:615,27,3,0
BRDA:680,28,0,0
BRDA:680,28,1,0
BRDA:680,28,2,0
BRDA:680,28,3,0
BRDA:680,28,4,0
BRDA:728,29,0,0
BRDA:728,29,1,0
BRDA:728,29,2,0
BRDA:728,29,3,0
BRF:63
BRH:0
end_of_record
TN:
SF:Backend\controllers\inventarioController.js
FN:8,(anonymous_0)
FN:46,(anonymous_1)
FN:80,(anonymous_2)
FN:136,(anonymous_3)
FN:171,(anonymous_4)
FN:196,(anonymous_5)
FN:225,(anonymous_6)
FN:277,(anonymous_7)
FN:325,(anonymous_8)
FN:368,(anonymous_9)
FN:412,(anonymous_10)
FN:439,(anonymous_11)
FN:486,(anonymous_12)
FN:531,(anonymous_13)
FN:596,(anonymous_14)
FNF:15
FNH:0
FNDA:0,(anonymous_0)
FNDA:0,(anonymous_1)
FNDA:0,(anonymous_2)
FNDA:0,(anonymous_3)
FNDA:0,(anonymous_4)
FNDA:0,(anonymous_5)
FNDA:0,(anonymous_6)
FNDA:0,(anonymous_7)
FNDA:0,(anonymous_8)
FNDA:0,(anonymous_9)
FNDA:0,(anonymous_10)
FNDA:0,(anonymous_11)
FNDA:0,(anonymous_12)
FNDA:0,(anonymous_13)
FNDA:0,(anonymous_14)
DA:2,0
DA:8,0
DA:9,0
DA:11,0
DA:15,0
DA:31,0
DA:33,0
DA:35,0
DA:37,0
DA:38,0
DA:46,0
DA:47,0
DA:48,0
DA:50,0
DA:51,0
DA:66,0
DA:67,0
DA:69,0
DA:71,0
DA:72,0
DA:80,0
DA:81,0
DA:82,0
DA:84,0
DA:86,0
DA:87,0
DA:90,0
DA:92,0
DA:97,0
DA:99,0
DA:100,0
DA:105,0
DA:106,0
DA:113,0
DA:118,0
DA:119,0
DA:121,0
DA:127,0
DA:128,0
DA:136,0
DA:137,0
DA:139,0
DA:140,0
DA:142,0
DA:143,0
DA:146,0
DA:147,0
DA:153,0
DA:155,0
DA:156,0
DA:159,0
DA:160,0
DA:162,0
DA:163,0
DA:171,0
DA:172,0
DA:174,0
DA:176,0
DA:177,0
DA:178,0
DA:180,0
DA:181,0
DA:184,0
DA:185,0
DA:187,0
DA:188,0
DA:196,0
DA:197,0
DA:199,0
DA:200,0
DA:211,0
DA:212,0
DA:214,0
DA:216,0
DA:217,0
DA:225,0
DA:226,0
DA:228,0
DA:230,0
DA:241,0
DA:252,0
DA:259,0
DA:265,0
DA:266,0
DA:268,0
DA:269,0
DA:277,0
DA:278,0
DA:280,0
DA:282,0
DA:302,0
DA:304,0
DA:305,0
DA:307,0
DA:310,0
DA:316,0
DA:317,0
DA:325,0
DA:326,0
DA:328,0
DA:332,0
DA:335,0
DA:336,0
DA:339,0
DA:345,0
DA:349,0
DA:352,0
DA:354,0
DA:359,0
DA:360,0
DA:368,0
DA:369,0
DA:370,0
DA:372,0
DA:376,0
DA:378,0
DA:385,0
DA:389,0
DA:390,0
DA:393,0
DA:396,0
DA:398,0
DA:403,0
DA:404,0
DA:412,0
DA:413,0
DA:414,0
DA:416,0
DA:418,0
DA:423,0
DA:424,0
DA:427,0
DA:428,0
DA:430,0
DA:431,0
DA:439,0
DA:440,0
DA:442,0
DA:444,0
DA:463,0
DA:465,0
DA:466,0
DA:468,0
DA:471,0
DA:477,0
DA:478,0
DA:486,0
DA:487,0
DA:489,0
DA:491,0
DA:492,0
DA:511,0
DA:514,0
DA:515,0
DA:516,0
DA:520,0
DA:521,0
DA:522,0
DA:525,0
DA:526,0
DA:528,0
DA:531,0
DA:549,0
DA:550,0
DA:552,0
DA:555,0
DA:582,0
DA:583,0
DA:588,0
DA:589,0
DA:590,0
DA:596,0
DA:597,0
DA:598,0
DA:608,0
DA:610,0
DA:613,0
DA:614,0
DA:619,0
DA:620,0
DA:625,0
DA:627,0
DA:628,0
DA:631,0
DA:636,0
DA:637,0
DA:638,0
DA:641,0
DA:642,0
DA:645,0
DA:647,0
DA:648,0
DA:650,0
DA:651,0
DA:652,0
DA:653,0
DA:657,0
DA:659,0
DA:660,0
DA:663,0
DA:664,0
DA:665,0
DA:666,0
DA:670,0
DA:674,0
DA:680,0
DA:690,0
DA:692,0
DA:693,0
DA:695,0
DA:714,0
DA:715,0
DA:716,0
DA:718,0
LF:214
LH:0
BRDA:86,0,0,0
BRDA:86,0,1,0
BRDA:86,1,0,0
BRDA:86,1,1,0
BRDA:86,1,2,0
BRDA:97,2,0,0
BRDA:97,2,1,0
BRDA:102,3,0,0
BRDA:102,3,1,0
BRDA:118,4,0,0
BRDA:118,4,1,0
BRDA:142,5,0,0
BRDA:142,5,1,0
BRDA:142,6,0,0
BRDA:142,6,1,0
BRDA:142,6,2,0
BRDA:155,7,0,0
BRDA:155,7,1,0
BRDA:180,8,0,0
BRDA:180,8,1,0
BRDA:262,9,0,0
BRDA:262,9,1,0
BRDA:330,10,0,0
BRDA:331,11,0,0
BRDA:335,12,0,0
BRDA:335,12,1,0
BRDA:389,13,0,0
BRDA:389,13,1,0
BRDA:423,14,0,0
BRDA:423,14,1,0
BRDA:489,15,0,0
BRDA:514,16,0,0
BRDA:514,16,1,0
BRDA:520,17,0,0
BRDA:520,17,1,0
BRDA:541,18,0,0
BRDA:541,18,1,0
BRDA:541,18,2,0
BRDA:542,19,0,0
BRDA:542,19,1,0
BRDA:543,20,0,0
BRDA:543,20,1,0
BRDA:543,21,0,0
BRDA:543,21,1,0
BRDA:544,22,0,0
BRDA:544,22,1,0
BRDA:545,23,0,0
BRDA:545,23,1,0
BRDA:546,24,0,0
BRDA:546,24,1,0
BRDA:546,24,2,0
BRDA:610,25,0,0
BRDA:610,25,1,0
BRDA:613,26,0,0
BRDA:613,26,1,0
BRDA:613,27,0,0
BRDA:613,27,1,0
BRDA:613,27,2,0
BRDA:613,27,3,0
BRDA:619,28,0,0
BRDA:619,28,1,0
BRDA:636,29,0,0
BRDA:636,29,1,0
BRDA:645,30,0,0
BRDA:645,30,1,0
BRDA:645,30,2,0
BRDA:645,30,3,0
BRDA:651,31,0,0
BRDA:651,31,1,0
BRDA:664,32,0,0
BRDA:664,32,1,0
BRF:71
BRH:0
end_of_record
TN:
SF:Backend\controllers\notificacionController.js
FN:3,(anonymous_0)
FN:46,(anonymous_1)
FNF:2
FNH:0
FNDA:0,(anonymous_0)
FNDA:0,(anonymous_1)
DA:1,0
DA:3,0
DA:4,0
DA:5,0
DA:6,0
DA:9,0
DA:10,0
DA:36,0
DA:39,0
DA:41,0
DA:42,0
DA:46,0
DA:47,0
DA:48,0
DA:49,0
DA:50,0
DA:51,0
DA:53,0
LF:18
LH:0
BRDA:9,0,0,0
BRDA:9,0,1,0
BRDA:48,1,0,0
BRDA:48,1,1,0
BRDA:48,2,0,0
BRDA:48,2,1,0
BRDA:48,2,2,0
BRF:7
BRH:0
end_of_record
TN:
SF:Backend\controllers\pagoController.js
FN:5,(anonymous_0)
FN:74,(anonymous_1)
FN:107,(anonymous_2)
FN:165,(anonymous_3)
FN:199,(anonymous_4)
FNF:5
FNH:0
FNDA:0,(anonymous_0)
FNDA:0,(anonymous_1)
FNDA:0,(anonymous_2)
FNDA:0,(anonymous_3)
FNDA:0,(anonymous_4)
DA:2,0
DA:5,0
DA:6,0
DA:7,0
DA:8,0
DA:9,0
DA:11,0
DA:12,0
DA:13,0
DA:15,0
DA:16,0
DA:17,0
DA:18,0
DA:19,0
DA:20,0
DA:21,0
DA:25,0
DA:26,0
DA:27,0
DA:30,0
DA:31,0
DA:32,0
DA:35,0
DA:37,0
DA:52,0
DA:60,0
DA:68,0
DA:69,0
DA:74,0
DA:75,0
DA:77,0
DA:78,0
DA:93,0
DA:94,0
DA:99,0
DA:101,0
DA:102,0
DA:107,0
DA:116,0
DA:118,0
DA:119,0
DA:122,0
DA:123,0
DA:124,0
DA:127,0
DA:132,0
DA:133,0
DA:134,0
DA:138,0
DA:145,0
DA:150,0
DA:151,0
DA:156,0
DA:157,0
DA:158,0
DA:160,0
DA:165,0
DA:166,0
DA:167,0
DA:168,0
DA:170,0
DA:171,0
DA:172,0
DA:173,0
DA:177,0
DA:178,0
DA:179,0
DA:181,0
DA:187,0
DA:188,0
DA:190,0
DA:191,0
DA:192,0
DA:194,0
DA:199,0
DA:200,0
DA:201,0
DA:202,0
DA:203,0
DA:204,0
DA:205,0
DA:214,0
DA:218,0
DA:220,0
DA:221,0
LF:85
LH:0
BRDA:7,0,0,0
BRDA:7,0,1,0
BRDA:8,1,0,0
BRDA:8,1,1,0
BRDA:15,2,0,0
BRDA:15,2,1,0
BRDA:15,3,0,0
BRDA:15,3,1,0
BRDA:16,4,0,0
BRDA:16,4,1,0
BRDA:18,5,0,0
BRDA:18,5,1,0
BRDA:20,6,0,0
BRDA:20,6,1,0
BRDA:25,7,0,0
BRDA:25,7,1,0
BRDA:25,8,0,0
BRDA:25,8,1,0
BRDA:30,9,0,0
BRDA:30,9,1,0
BRDA:30,10,0,0
BRDA:30,10,1,0
BRDA:35,11,0,0
BRDA:35,11,1,0
BRDA:93,12,0,0
BRDA:93,12,1,0
BRDA:115,13,0,0
BRDA:118,14,0,0
BRDA:118,14,1,0
BRDA:118,15,0,0
BRDA:118,15,1,0
BRDA:118,15,2,0
BRDA:132,16,0,0
BRDA:132,16,1,0
BRDA:142,17,0,0
BRDA:142,17,1,0
BRDA:142,18,0,0
BRDA:142,18,1,0
BRDA:167,19,0,0
BRDA:167,19,1,0
BRDA:167,20,0,0
BRDA:167,20,1,0
BRDA:167,20,2,0
BRDA:167,20,3,0
BRDA:167,20,4,0
BRDA:177,21,0,0
BRDA:177,21,1,0
BRDA:178,22,0,0
BRDA:178,22,1,0
BRDA:185,23,0,0
BRDA:185,23,1,0
BRDA:201,24,0,0
BRDA:201,24,1,0
BRDA:202,25,0,0
BRDA:202,25,1,0
BRF:55
BRH:0
end_of_record
TN:
SF:Backend\controllers\pagosExtendidoController.js
FN:10,(anonymous_0)
FN:78,(anonymous_1)
FN:104,(anonymous_2)
FN:169,(anonymous_3)
FN:218,(anonymous_4)
FN:253,(anonymous_5)
FN:302,(anonymous_6)
FN:370,(anonymous_7)
FN:429,(anonymous_8)
FN:489,(anonymous_9)
FN:541,(anonymous_10)
FN:613,(anonymous_11)
FN:677,(anonymous_12)
FN:716,(anonymous_13)
FN:816,(anonymous_14)
FNF:15
FNH:0
FNDA:0,(anonymous_0)
FNDA:0,(anonymous_1)
FNDA:0,(anonymous_2)
FNDA:0,(anonymous_3)
FNDA:0,(anonymous_4)
FNDA:0,(anonymous_5)
FNDA:0,(anonymous_6)
FNDA:0,(anonymous_7)
FNDA:0,(anonymous_8)
FNDA:0,(anonymous_9)
FNDA:0,(anonymous_10)
FNDA:0,(anonymous_11)
FNDA:0,(anonymous_12)
FNDA:0,(anonymous_13)
FNDA:0,(anonymous_14)
DA:1,0
DA:3,0
DA:10,0
DA:11,0
DA:12,0
DA:14,0
DA:16,0
DA:17,0
DA:19,0
DA:20,0
DA:21,0
DA:24,0
DA:25,0
DA:26,0
DA:29,0
DA:30,0
DA:31,0
DA:34,0
DA:53,0
DA:60,0
DA:69,0
DA:70,0
DA:78,0
DA:79,0
DA:87,0
DA:89,0
DA:91,0
DA:94,0
DA:95,0
DA:102,0
DA:103,0
DA:104,0
DA:105,0
DA:109,0
DA:112,0
DA:116,0
DA:117,0
DA:118,0
DA:122,0
DA:133,0
DA:136,0
DA:137,0
DA:138,0
DA:152,0
DA:160,0
DA:161,0
DA:169,0
DA:170,0
DA:171,0
DA:173,0
DA:186,0
DA:187,0
DA:194,0
DA:198,0
DA:203,0
DA:209,0
DA:210,0
DA:218,0
DA:219,0
DA:220,0
DA:221,0
DA:223,0
DA:231,0
DA:232,0
DA:238,0
DA:244,0
DA:245,0
DA:253,0
DA:254,0
DA:255,0
DA:258,0
DA:263,0
DA:264,0
DA:270,0
DA:271,0
DA:278,0
DA:281,0
DA:283,0
DA:289,0
DA:290,0
DA:302,0
DA:303,0
DA:304,0
DA:305,0
DA:308,0
DA:322,0
DA:338,0
DA:352,0
DA:353,0
DA:361,0
DA:362,0
DA:370,0
DA:371,0
DA:372,0
DA:373,0
DA:375,0
DA:377,0
DA:378,0
DA:380,0
DA:381,0
DA:382,0
DA:385,0
DA:403,0
DA:410,0
DA:411,0
DA:420,0
DA:421,0
DA:429,0
DA:430,0
DA:431,0
DA:432,0
DA:434,0
DA:436,0
DA:437,0
DA:439,0
DA:440,0
DA:441,0
DA:444,0
DA:445,0
DA:446,0
DA:449,0
DA:467,0
DA:468,0
DA:476,0
DA:477,0
DA:489,0
DA:490,0
DA:491,0
DA:492,0
DA:494,0
DA:496,0
DA:497,0
DA:499,0
DA:500,0
DA:501,0
DA:504,0
DA:523,0
DA:524,0
DA:532,0
DA:533,0
DA:541,0
DA:542,0
DA:543,0
DA:544,0
DA:547,0
DA:548,0
DA:563,0
DA:564,0
DA:570,0
DA:572,0
DA:597,0
DA:604,0
DA:605,0
DA:613,0
DA:614,0
DA:615,0
DA:616,0
DA:619,0
DA:620,0
DA:627,0
DA:628,0
DA:634,0
DA:636,0
DA:661,0
DA:668,0
DA:669,0
DA:677,0
DA:678,0
DA:679,0
DA:680,0
DA:682,0
DA:685,0
DA:686,0
DA:693,0
DA:699,0
DA:700,0
DA:707,0
DA:708,0
DA:716,0
DA:717,0
DA:718,0
DA:719,0
DA:721,0
DA:724,0
DA:729,0
DA:730,0
DA:737,0
DA:742,0
DA:743,0
DA:749,0
DA:750,0
DA:753,0
DA:755,0
DA:757,0
DA:759,0
DA:776,0
DA:783,0
DA:789,0
DA:791,0
DA:792,0
DA:800,0
DA:801,0
DA:805,0
DA:806,0
DA:816,0
DA:817,0
DA:818,0
DA:819,0
DA:822,0
DA:845,0
DA:855,0
DA:857,0
DA:871,0
DA:872,0
DA:879,0
LF:215
LH:0
BRDA:12,0,0,0
BRDA:12,1,0,0
BRDA:19,2,0,0
BRDA:19,2,1,0
BRDA:19,3,0,0
BRDA:19,3,1,0
BRDA:24,4,0,0
BRDA:24,4,1,0
BRDA:29,5,0,0
BRDA:29,5,1,0
BRDA:84,6,0,0
BRDA:85,7,0,0
BRDA:86,8,0,0
BRDA:94,9,0,0
BRDA:94,9,1,0
BRDA:94,10,0,0
BRDA:94,10,1,0
BRDA:103,11,0,0
BRDA:103,11,1,0
BRDA:117,12,0,0
BRDA:117,12,1,0
BRDA:117,13,0,0
BRDA:117,13,1,0
BRDA:136,14,0,0
BRDA:136,14,1,0
BRDA:144,15,0,0
BRDA:144,15,1,0
BRDA:186,16,0,0
BRDA:186,16,1,0
BRDA:231,17,0,0
BRDA:231,17,1,0
BRDA:263,18,0,0
BRDA:263,18,1,0
BRDA:270,19,0,0
BRDA:270,19,1,0
BRDA:373,20,0,0
BRDA:373,21,0,0
BRDA:380,22,0,0
BRDA:380,22,1,0
BRDA:432,23,0,0
BRDA:432,24,0,0
BRDA:439,25,0,0
BRDA:439,25,1,0
BRDA:444,26,0,0
BRDA:444,26,1,0
BRDA:444,27,0,0
BRDA:444,27,1,0
BRDA:492,28,0,0
BRDA:492,29,0,0
BRDA:499,30,0,0
BRDA:499,30,1,0
BRDA:543,31,0,0
BRDA:543,31,1,0
BRDA:543,31,2,0
BRDA:615,32,0,0
BRDA:615,32,1,0
BRDA:615,32,2,0
BRDA:685,33,0,0
BRDA:685,33,1,0
BRDA:697,34,0,0
BRDA:697,34,1,0
BRDA:697,35,0,0
BRDA:697,35,1,0
BRDA:697,36,0,0
BRDA:697,36,1,0
BRDA:729,37,0,0
BRDA:729,37,1,0
BRDA:742,38,0,0
BRDA:742,38,1,0
BRDA:753,39,0,0
BRDA:753,39,1,0
BRDA:818,40,0,0
BRDA:818,40,1,0
BRDA:861,41,0,0
BRDA:861,41,1,0
BRF:75
BRH:0
end_of_record
TN:
SF:Backend\controllers\performanceController.js
FN:16,(anonymous_0)
FN:71,(anonymous_1)
FN:128,(anonymous_2)
FN:150,(anonymous_3)
FN:248,(anonymous_4)
FN:252,(anonymous_5)
FN:253,(anonymous_6)
FN:275,(anonymous_7)
FN:297,(anonymous_8)
FN:340,(anonymous_9)
FN:396,(anonymous_10)
FN:443,(anonymous_11)
FN:516,(anonymous_12)
FN:569,(anonymous_13)
FN:637,(anonymous_14)
FN:675,(anonymous_15)
FN:692,(anonymous_16)
FNF:17
FNH:0
FNDA:0,(anonymous_0)
FNDA:0,(anonymous_1)
FNDA:0,(anonymous_2)
FNDA:0,(anonymous_3)
FNDA:0,(anonymous_4)
FNDA:0,(anonymous_5)
FNDA:0,(anonymous_6)
FNDA:0,(anonymous_7)
FNDA:0,(anonymous_8)
FNDA:0,(anonymous_9)
FNDA:0,(anonymous_10)
FNDA:0,(anonymous_11)
FNDA:0,(anonymous_12)
FNDA:0,(anonymous_13)
FNDA:0,(anonymous_14)
FNDA:0,(anonymous_15)
FNDA:0,(anonymous_16)
DA:6,0
DA:7,0
DA:9,0
DA:17,0
DA:25,0
DA:28,0
DA:29,0
DA:35,0
DA:41,0
DA:51,0
DA:58,0
DA:65,0
DA:66,0
DA:72,0
DA:80,0
DA:82,0
DA:95,0
DA:97,0
DA:98,0
DA:99,0
DA:102,0
DA:103,0
DA:104,0
DA:107,0
DA:108,0
DA:109,0
DA:112,0
DA:113,0
DA:114,0
DA:117,0
DA:118,0
DA:119,0
DA:122,0
DA:123,0
DA:125,0
DA:128,0
DA:133,0
DA:140,0
DA:141,0
DA:151,0
DA:152,0
DA:154,0
DA:155,0
DA:162,0
DA:165,0
DA:168,0
DA:177,0
DA:182,0
DA:184,0
DA:185,0
DA:186,0
DA:188,0
DA:208,0
DA:215,0
DA:234,0
DA:242,0
DA:243,0
DA:249,0
DA:250,0
DA:252,0
DA:253,0
DA:255,0
DA:273,0
DA:275,0
DA:280,0
DA:287,0
DA:288,0
DA:298,0
DA:299,0
DA:301,0
DA:307,0
DA:308,0
DA:312,0
DA:318,0
DA:321,0
DA:323,0
DA:326,0
DA:334,0
DA:335,0
DA:341,0
DA:342,0
DA:344,0
DA:345,0
DA:351,0
DA:352,0
DA:353,0
DA:356,0
DA:358,0
DA:378,0
DA:386,0
DA:387,0
DA:397,0
DA:407,0
DA:409,0
DA:410,0
DA:412,0
DA:430,0
DA:433,0
DA:434,0
DA:444,0
DA:445,0
DA:447,0
DA:448,0
DA:449,0
DA:450,0
DA:453,0
DA:455,0
DA:456,0
DA:457,0
DA:458,0
DA:459,0
DA:461,0
DA:464,0
DA:465,0
DA:466,0
DA:467,0
DA:468,0
DA:470,0
DA:473,0
DA:474,0
DA:475,0
DA:476,0
DA:477,0
DA:479,0
DA:482,0
DA:483,0
DA:484,0
DA:485,0
DA:486,0
DA:488,0
DA:491,0
DA:492,0
DA:507,0
DA:511,0
DA:517,0
DA:518,0
DA:520,0
DA:535,0
DA:537,0
DA:538,0
DA:539,0
DA:542,0
DA:543,0
DA:544,0
DA:547,0
DA:548,0
DA:550,0
DA:552,0
DA:559,0
DA:560,0
DA:570,0
DA:572,0
DA:575,0
DA:588,0
DA:601,0
DA:613,0
DA:621,0
DA:627,0
DA:628,0
DA:638,0
DA:639,0
DA:642,0
DA:643,0
DA:644,0
DA:648,0
DA:649,0
DA:650,0
DA:654,0
DA:655,0
DA:656,0
DA:660,0
DA:661,0
DA:662,0
DA:666,0
DA:667,0
DA:668,0
DA:671,0
DA:676,0
DA:677,0
DA:679,0
DA:686,0
DA:687,0
DA:693,0
DA:694,0
DA:696,0
DA:697,0
DA:703,0
DA:705,0
DA:712,0
DA:713,0
DA:718,0
DA:720,0
LF:192
LH:0
BRDA:23,0,0,0
BRDA:24,1,0,0
BRDA:28,2,0,0
BRDA:28,2,1,0
BRDA:28,3,0,0
BRDA:28,3,1,0
BRDA:28,3,2,0
BRDA:28,3,3,0
BRDA:79,4,0,0
BRDA:97,5,0,0
BRDA:97,5,1,0
BRDA:102,6,0,0
BRDA:102,6,1,0
BRDA:107,7,0,0
BRDA:107,7,1,0
BRDA:112,8,0,0
BRDA:112,8,1,0
BRDA:117,9,0,0
BRDA:117,9,1,0
BRDA:130,10,0,0
BRDA:130,10,1,0
BRDA:152,11,0,0
BRDA:154,12,0,0
BRDA:154,12,1,0
BRDA:154,13,0,0
BRDA:154,13,1,0
BRDA:182,14,0,0
BRDA:182,14,1,0
BRDA:202,15,0,0
BRDA:202,15,1,0
BRDA:203,16,0,0
BRDA:203,16,1,0
BRDA:227,17,0,0
BRDA:227,17,1,0
BRDA:228,18,0,0
BRDA:228,18,1,0
BRDA:231,19,0,0
BRDA:231,19,1,0
BRDA:250,20,0,0
BRDA:250,21,0,0
BRDA:277,22,0,0
BRDA:277,22,1,0
BRDA:307,23,0,0
BRDA:307,23,1,0
BRDA:321,24,0,0
BRDA:321,24,1,0
BRDA:342,25,0,0
BRDA:344,26,0,0
BRDA:344,26,1,0
BRDA:344,27,0,0
BRDA:344,27,1,0
BRDA:403,28,0,0
BRDA:406,29,0,0
BRDA:409,30,0,0
BRDA:409,30,1,0
BRDA:425,31,0,0
BRDA:425,31,1,0
BRDA:426,32,0,0
BRDA:426,32,1,0
BRDA:453,33,0,0
BRDA:453,33,1,0
BRDA:453,33,2,0
BRDA:453,33,3,0
BRDA:456,34,0,0
BRDA:456,34,1,0
BRDA:465,35,0,0
BRDA:465,35,1,0
BRDA:474,36,0,0
BRDA:474,36,1,0
BRDA:483,37,0,0
BRDA:483,37,1,0
BRDA:491,38,0,0
BRDA:491,38,1,0
BRDA:500,39,0,0
BRDA:500,39,1,0
BRDA:518,40,0,0
BRDA:518,41,0,0
BRDA:537,42,0,0
BRDA:537,42,1,0
BRDA:542,43,0,0
BRDA:542,43,1,0
BRDA:614,44,0,0
BRDA:614,44,1,0
BRDA:642,45,0,0
BRDA:642,45,1,0
BRDA:648,46,0,0
BRDA:648,46,1,0
BRDA:648,47,0,0
BRDA:648,47,1,0
BRDA:648,47,2,0
BRDA:654,48,0,0
BRDA:654,48,1,0
BRDA:660,49,0,0
BRDA:660,49,1,0
BRDA:660,50,0,0
BRDA:660,50,1,0
BRDA:666,51,0,0
BRDA:666,51,1,0
BRDA:666,52,0,0
BRDA:666,52,1,0
BRDA:696,53,0,0
BRDA:696,53,1,0
BRDA:696,54,0,0
BRDA:696,54,1,0
BRF:104
BRH:0
end_of_record
TN:
SF:Backend\controllers\planesController-simple.js
FNF:0
FNH:0
LF:0
LH:0
BRF:0
BRH:0
end_of_record
TN:
SF:Backend\controllers\planesController.js
FN:6,(anonymous_0)
FN:36,(anonymous_1)
FN:67,(anonymous_2)
FN:97,(anonymous_3)
FN:133,(anonymous_4)
FN:168,(anonymous_5)
FN:197,(anonymous_6)
FNF:7
FNH:0
FNDA:0,(anonymous_0)
FNDA:0,(anonymous_1)
FNDA:0,(anonymous_2)
FNDA:0,(anonymous_3)
FNDA:0,(anonymous_4)
FNDA:0,(anonymous_5)
FNDA:0,(anonymous_6)
DA:1,0
DA:3,0
DA:6,0
DA:7,0
DA:8,0
DA:10,0
DA:21,0
DA:22,0
DA:27,0
DA:28,0
DA:36,0
DA:37,0
DA:38,0
DA:39,0
DA:41,0
DA:52,0
DA:53,0
DA:58,0
DA:59,0
DA:67,0
DA:68,0
DA:69,0
DA:70,0
DA:72,0
DA:82,0
DA:83,0
DA:88,0
DA:89,0
DA:97,0
DA:98,0
DA:99,0
DA:100,0
DA:102,0
DA:104,0
DA:105,0
DA:111,0
DA:117,0
DA:118,0
DA:124,0
DA:125,0
DA:133,0
DA:134,0
DA:135,0
DA:136,0
DA:138,0
DA:140,0
DA:146,0
DA:147,0
DA:153,0
DA:154,0
DA:159,0
DA:160,0
DA:168,0
DA:169,0
DA:170,0
DA:171,0
DA:173,0
DA:175,0
DA:176,0
DA:182,0
DA:183,0
DA:188,0
DA:189,0
DA:197,0
DA:198,0
DA:199,0
DA:200,0
DA:202,0
DA:208,0
DA:209,0
DA:215,0
DA:216,0
DA:221,0
DA:222,0
DA:229,0
LF:75
LH:0
BRDA:38,0,0,0
BRDA:38,0,1,0
BRDA:69,1,0,0
BRDA:69,1,1,0
BRDA:104,2,0,0
BRDA:104,2,1,0
BRDA:104,3,0,0
BRDA:104,3,1,0
BRDA:104,3,2,0
BRDA:115,4,0,0
BRDA:115,4,1,0
BRDA:115,5,0,0
BRDA:115,5,1,0
BRDA:146,6,0,0
BRDA:146,6,1,0
BRDA:175,7,0,0
BRDA:175,7,1,0
BRDA:208,8,0,0
BRDA:208,8,1,0
BRF:19
BRH:0
end_of_record
TN:
SF:Backend\controllers\pqrsController.js
FN:4,(anonymous_0)
FN:141,(anonymous_1)
FN:191,(anonymous_2)
FN:262,(anonymous_3)
FN:295,(anonymous_4)
FN:324,(anonymous_5)
FNF:6
FNH:0
FNDA:0,(anonymous_0)
FNDA:0,(anonymous_1)
FNDA:0,(anonymous_2)
FNDA:0,(anonymous_3)
FNDA:0,(anonymous_4)
FNDA:0,(anonymous_5)
DA:1,0
DA:4,0
DA:5,0
DA:6,0
DA:7,0
DA:19,0
DA:21,0
DA:27,0
DA:28,0
DA:29,0
DA:35,0
DA:36,0
DA:37,0
DA:39,0
DA:44,0
DA:45,0
DA:46,0
DA:52,0
DA:53,0
DA:54,0
DA:60,0
DA:61,0
DA:62,0
DA:63,0
DA:65,0
DA:67,0
DA:81,0
DA:82,0
DA:94,0
DA:106,0
DA:108,0
DA:122,0
DA:123,0
DA:124,0
DA:125,0
DA:126,0
DA:128,0
DA:141,0
DA:142,0
DA:143,0
DA:144,0
DA:145,0
DA:147,0
DA:148,0
DA:149,0
DA:151,0
DA:169,0
DA:171,0
DA:182,0
DA:183,0
DA:191,0
DA:192,0
DA:193,0
DA:194,0
DA:196,0
DA:197,0
DA:199,0
DA:200,0
DA:201,0
DA:204,0
DA:205,0
DA:206,0
DA:209,0
DA:210,0
DA:211,0
DA:214,0
DA:215,0
DA:216,0
DA:218,0
DA:239,0
DA:240,0
DA:242,0
DA:253,0
DA:254,0
DA:262,0
DA:263,0
DA:264,0
DA:265,0
DA:267,0
DA:268,0
DA:271,0
DA:277,0
DA:279,0
DA:280,0
DA:283,0
DA:286,0
DA:287,0
DA:295,0
DA:296,0
DA:297,0
DA:298,0
DA:300,0
DA:301,0
DA:302,0
DA:305,0
DA:306,0
DA:308,0
DA:309,0
DA:312,0
DA:315,0
DA:316,0
DA:324,0
DA:325,0
DA:326,0
DA:328,0
DA:342,0
DA:344,0
DA:345,0
DA:348,0
DA:351,0
DA:352,0
DA:359,0
LF:112
LH:0
BRDA:27,0,0,0
BRDA:27,0,1,0
BRDA:27,1,0,0
BRDA:27,1,1,0
BRDA:27,1,2,0
BRDA:27,1,3,0
BRDA:27,1,4,0
BRDA:27,1,5,0
BRDA:35,2,0,0
BRDA:35,2,1,0
BRDA:35,3,0,0
BRDA:35,3,1,0
BRDA:36,4,0,0
BRDA:36,4,1,0
BRDA:36,5,0,0
BRDA:36,5,1,0
BRDA:37,6,0,0
BRDA:37,6,1,0
BRDA:37,7,0,0
BRDA:37,7,1,0
BRDA:45,8,0,0
BRDA:45,8,1,0
BRDA:53,9,0,0
BRDA:53,9,1,0
BRDA:130,10,0,0
BRDA:130,10,1,0
BRDA:131,11,0,0
BRDA:131,11,1,0
BRDA:144,12,0,0
BRDA:144,13,0,0
BRDA:185,14,0,0
BRDA:185,14,1,0
BRDA:193,15,0,0
BRDA:193,16,0,0
BRDA:199,17,0,0
BRDA:199,17,1,0
BRDA:204,18,0,0
BRDA:204,18,1,0
BRDA:205,19,0,0
BRDA:205,19,1,0
BRDA:209,20,0,0
BRDA:209,20,1,0
BRDA:210,21,0,0
BRDA:210,21,1,0
BRDA:256,22,0,0
BRDA:256,22,1,0
BRDA:267,23,0,0
BRDA:267,23,1,0
BRDA:279,24,0,0
BRDA:279,24,1,0
BRDA:289,25,0,0
BRDA:289,25,1,0
BRDA:301,26,0,0
BRDA:301,26,1,0
BRDA:308,27,0,0
BRDA:308,27,1,0
BRDA:318,28,0,0
BRDA:318,28,1,0
BRDA:344,29,0,0
BRDA:344,29,1,0
BRDA:354,30,0,0
BRDA:354,30,1,0
BRF:62
BRH:0
end_of_record
TN:
SF:Backend\controllers\reportesAnalyticsController.js
FN:17,(anonymous_0)
FN:92,calcularKPIsPersonalizados
FN:199,(anonymous_2)
FN:232,(anonymous_3)
FN:237,(anonymous_4)
FN:268,obtenerDatosWidget
FN:293,obtenerDatosMetricCard
FN:320,obtenerDatosLineChart
FN:327,(anonymous_8)
FN:334,(anonymous_9)
FN:336,(anonymous_10)
FN:337,(anonymous_11)
FN:346,obtenerDatosPieChart
FN:360,(anonymous_13)
FN:361,(anonymous_14)
FN:368,obtenerDatosBarChart
FN:386,(anonymous_16)
FN:388,(anonymous_17)
FN:395,obtenerDatosGaugeChart
FN:417,(anonymous_19)
FN:436,(anonymous_20)
FN:453,(anonymous_21)
FN:478,(anonymous_22)
FN:508,(anonymous_23)
FN:535,(anonymous_24)
FN:539,(anonymous_25)
FN:543,(anonymous_26)
FN:547,(anonymous_27)
FN:551,(anonymous_28)
FN:555,(anonymous_29)
FN:559,(anonymous_30)
FN:563,(anonymous_31)
FN:567,(anonymous_32)
FN:571,(anonymous_33)
FN:575,(anonymous_34)
FN:579,(anonymous_35)
FN:583,(anonymous_36)
FN:587,(anonymous_37)
FN:591,(anonymous_38)
FN:595,(anonymous_39)
FNF:40
FNH:0
FNDA:0,(anonymous_0)
FNDA:0,calcularKPIsPersonalizados
FNDA:0,(anonymous_2)
FNDA:0,(anonymous_3)
FNDA:0,(anonymous_4)
FNDA:0,obtenerDatosWidget
FNDA:0,obtenerDatosMetricCard
FNDA:0,obtenerDatosLineChart
FNDA:0,(anonymous_8)
FNDA:0,(anonymous_9)
FNDA:0,(anonymous_10)
FNDA:0,(anonymous_11)
FNDA:0,obtenerDatosPieChart
FNDA:0,(anonymous_13)
FNDA:0,(anonymous_14)
FNDA:0,obtenerDatosBarChart
FNDA:0,(anonymous_16)
FNDA:0,(anonymous_17)
FNDA:0,obtenerDatosGaugeChart
FNDA:0,(anonymous_19)
FNDA:0,(anonymous_20)
FNDA:0,(anonymous_21)
FNDA:0,(anonymous_22)
FNDA:0,(anonymous_23)
FNDA:0,(anonymous_24)
FNDA:0,(anonymous_25)
FNDA:0,(anonymous_26)
FNDA:0,(anonymous_27)
FNDA:0,(anonymous_28)
FNDA:0,(anonymous_29)
FNDA:0,(anonymous_30)
FNDA:0,(anonymous_31)
FNDA:0,(anonymous_32)
FNDA:0,(anonymous_33)
FNDA:0,(anonymous_34)
FNDA:0,(anonymous_35)
FNDA:0,(anonymous_36)
FNDA:0,(anonymous_37)
FNDA:0,(anonymous_38)
FNDA:0,(anonymous_39)
DA:6,0
DA:7,0
DA:8,0
DA:10,0
DA:17,0
DA:18,0
DA:19,0
DA:20,0
DA:22,0
DA:23,0
DA:24,0
DA:26,0
DA:27,0
DA:31,0
DA:45,0
DA:57,0
DA:60,0
DA:61,0
DA:71,0
DA:83,0
DA:84,0
DA:93,0
DA:95,0
DA:101,0
DA:103,0
DA:104,0
DA:105,0
DA:106,0
DA:109,0
DA:111,0
DA:118,0
DA:120,0
DA:123,0
DA:132,0
DA:134,0
DA:137,0
DA:143,0
DA:144,0
DA:147,0
DA:154,0
DA:156,0
DA:160,0
DA:161,0
DA:162,0
DA:164,0
DA:165,0
DA:166,0
DA:167,0
DA:168,0
DA:169,0
DA:170,0
DA:174,0
DA:186,0
DA:190,0
DA:193,0
DA:194,0
DA:199,0
DA:200,0
DA:201,0
DA:202,0
DA:204,0
DA:209,0
DA:211,0
DA:212,0
DA:213,0
DA:215,0
DA:216,0
DA:219,0
DA:221,0
DA:223,0
DA:224,0
DA:231,0
DA:233,0
DA:236,0
DA:238,0
DA:239,0
DA:243,0
DA:253,0
DA:259,0
DA:260,0
DA:269,0
DA:270,0
DA:272,0
DA:274,0
DA:276,0
DA:278,0
DA:280,0
DA:282,0
DA:284,0
DA:287,0
DA:288,0
DA:294,0
DA:296,0
DA:309,0
DA:310,0
DA:311,0
DA:313,0
DA:321,0
DA:322,0
DA:324,0
DA:327,0
DA:333,0
DA:334,0
DA:335,0
DA:336,0
DA:337,0
DA:343,0
DA:347,0
DA:349,0
DA:350,0
DA:359,0
DA:360,0
DA:361,0
DA:365,0
DA:369,0
DA:371,0
DA:372,0
DA:383,0
DA:386,0
DA:388,0
DA:392,0
DA:396,0
DA:398,0
DA:405,0
DA:417,0
DA:418,0
DA:419,0
DA:420,0
DA:422,0
DA:434,0
DA:436,0
DA:444,0
DA:445,0
DA:453,0
DA:454,0
DA:455,0
DA:457,0
DA:462,0
DA:469,0
DA:470,0
DA:478,0
DA:479,0
DA:480,0
DA:481,0
DA:483,0
DA:489,0
DA:490,0
DA:493,0
DA:499,0
DA:500,0
DA:508,0
DA:509,0
DA:510,0
DA:512,0
DA:516,0
DA:517,0
DA:520,0
DA:526,0
DA:527,0
DA:535,0
DA:536,0
DA:539,0
DA:540,0
DA:543,0
DA:544,0
DA:547,0
DA:548,0
DA:551,0
DA:552,0
DA:555,0
DA:556,0
DA:559,0
DA:560,0
DA:563,0
DA:564,0
DA:567,0
DA:568,0
DA:571,0
DA:572,0
DA:575,0
DA:576,0
DA:579,0
DA:580,0
DA:583,0
DA:584,0
DA:587,0
DA:588,0
DA:591,0
DA:592,0
DA:595,0
DA:596,0
DA:599,0
DA:601,0
LF:193
LH:0
BRDA:19,0,0,0
BRDA:23,1,0,0
BRDA:23,1,1,0
BRDA:23,2,0,0
BRDA:23,2,1,0
BRDA:26,3,0,0
BRDA:26,3,1,0
BRDA:26,4,0,0
BRDA:26,4,1,0
BRDA:60,5,0,0
BRDA:60,5,1,0
BRDA:60,6,0,0
BRDA:60,6,1,0
BRDA:92,7,0,0
BRDA:109,8,0,0
BRDA:109,8,1,0
BRDA:109,8,2,0
BRDA:109,8,3,0
BRDA:118,9,0,0
BRDA:118,9,1,0
BRDA:132,10,0,0
BRDA:132,10,1,0
BRDA:143,11,0,0
BRDA:143,11,1,0
BRDA:154,12,0,0
BRDA:154,12,1,0
BRDA:165,13,0,0
BRDA:165,13,1,0
BRDA:165,14,0,0
BRDA:165,14,1,0
BRDA:167,15,0,0
BRDA:167,15,1,0
BRDA:168,16,0,0
BRDA:168,16,1,0
BRDA:169,17,0,0
BRDA:169,17,1,0
BRDA:211,18,0,0
BRDA:211,18,1,0
BRDA:223,19,0,0
BRDA:223,19,1,0
BRDA:223,20,0,0
BRDA:223,20,1,0
BRDA:255,21,0,0
BRDA:255,21,1,0
BRDA:272,22,0,0
BRDA:272,22,1,0
BRDA:272,22,2,0
BRDA:272,22,3,0
BRDA:272,22,4,0
BRDA:272,22,5,0
BRDA:294,23,0,0
BRDA:301,24,0,0
BRDA:301,24,1,0
BRDA:301,25,0,0
BRDA:301,25,1,0
BRDA:302,26,0,0
BRDA:302,26,1,0
BRDA:306,27,0,0
BRDA:306,27,1,0
BRDA:307,28,0,0
BRDA:307,28,1,0
BRDA:309,29,0,0
BRDA:309,29,1,0
BRDA:310,30,0,0
BRDA:310,30,1,0
BRDA:311,31,0,0
BRDA:311,31,1,0
BRDA:316,32,0,0
BRDA:316,32,1,0
BRDA:321,33,0,0
BRDA:322,34,0,0
BRDA:322,34,1,0
BRDA:322,35,0,0
BRDA:322,35,1,0
BRDA:349,36,0,0
BRDA:349,36,1,0
BRDA:369,37,0,0
BRDA:371,38,0,0
BRDA:371,38,1,0
BRDA:396,39,0,0
BRDA:396,40,0,0
BRDA:406,41,0,0
BRDA:406,41,1,0
BRDA:460,42,0,0
BRDA:460,42,1,0
BRDA:489,43,0,0
BRDA:489,43,1,0
BRDA:516,44,0,0
BRDA:516,44,1,0
BRF:89
BRH:0
end_of_record
TN:
SF:Backend\controllers\sedeController.js
FN:8,(anonymous_0)
FN:39,(anonymous_1)
FN:72,(anonymous_2)
FN:107,(anonymous_3)
FN:141,(anonymous_4)
FNF:5
FNH:0
FNDA:0,(anonymous_0)
FNDA:0,(anonymous_1)
FNDA:0,(anonymous_2)
FNDA:0,(anonymous_3)
FNDA:0,(anonymous_4)
DA:2,0
DA:8,0
DA:9,0
DA:11,0
DA:12,0
DA:25,0
DA:26,0
DA:28,0
DA:30,0
DA:31,0
DA:39,0
DA:40,0
DA:41,0
DA:43,0
DA:45,0
DA:46,0
DA:49,0
DA:50,0
DA:55,0
DA:56,0
DA:58,0
DA:63,0
DA:64,0
DA:72,0
DA:73,0
DA:75,0
DA:76,0
DA:78,0
DA:79,0
DA:82,0
DA:83,0
DA:89,0
DA:91,0
DA:92,0
DA:95,0
DA:96,0
DA:98,0
DA:99,0
DA:107,0
DA:108,0
DA:110,0
DA:112,0
DA:114,0
DA:116,0
DA:117,0
DA:122,0
DA:123,0
DA:125,0
DA:126,0
DA:129,0
DA:130,0
DA:132,0
DA:133,0
DA:141,0
DA:142,0
DA:144,0
DA:145,0
DA:146,0
DA:148,0
DA:149,0
DA:152,0
DA:154,0
DA:155,0
LF:63
LH:0
BRDA:45,0,0,0
BRDA:45,0,1,0
BRDA:45,1,0,0
BRDA:45,1,1,0
BRDA:45,1,2,0
BRDA:55,2,0,0
BRDA:55,2,1,0
BRDA:78,3,0,0
BRDA:78,3,1,0
BRDA:78,4,0,0
BRDA:78,4,1,0
BRDA:78,4,2,0
BRDA:89,5,0,0
BRDA:89,5,1,0
BRDA:91,6,0,0
BRDA:91,6,1,0
BRDA:116,7,0,0
BRDA:116,7,1,0
BRDA:125,8,0,0
BRDA:125,8,1,0
BRDA:148,9,0,0
BRDA:148,9,1,0
BRF:22
BRH:0
end_of_record
TN:
SF:Backend\controllers\sedesController.js
FNF:0
FNH:0
LF:0
LH:0
BRF:0
BRH:0
end_of_record
TN:
SF:Backend\controllers\seguridadController.js
FN:17,(anonymous_0)
FN:65,(anonymous_1)
FN:129,(anonymous_2)
FN:153,(anonymous_3)
FN:202,(anonymous_4)
FN:243,(anonymous_5)
FN:290,(anonymous_6)
FN:329,(anonymous_7)
FN:357,(anonymous_8)
FN:396,(anonymous_9)
FN:437,(anonymous_10)
FN:459,(anonymous_11)
FN:490,(anonymous_12)
FN:520,(anonymous_13)
FN:551,(anonymous_14)
FN:575,(anonymous_15)
FNF:16
FNH:0
FNDA:0,(anonymous_0)
FNDA:0,(anonymous_1)
FNDA:0,(anonymous_2)
FNDA:0,(anonymous_3)
FNDA:0,(anonymous_4)
FNDA:0,(anonymous_5)
FNDA:0,(anonymous_6)
FNDA:0,(anonymous_7)
FNDA:0,(anonymous_8)
FNDA:0,(anonymous_9)
FNDA:0,(anonymous_10)
FNDA:0,(anonymous_11)
FNDA:0,(anonymous_12)
FNDA:0,(anonymous_13)
FNDA:0,(anonymous_14)
FNDA:0,(anonymous_15)
DA:6,0
DA:7,0
DA:8,0
DA:10,0
DA:18,0
DA:28,0
DA:30,0
DA:31,0
DA:33,0
DA:40,0
DA:53,0
DA:59,0
DA:60,0
DA:66,0
DA:74,0
DA:76,0
DA:96,0
DA:98,0
DA:99,0
DA:100,0
DA:103,0
DA:104,0
DA:105,0
DA:108,0
DA:109,0
DA:110,0
DA:113,0
DA:114,0
DA:115,0
DA:118,0
DA:119,0
DA:120,0
DA:123,0
DA:124,0
DA:126,0
DA:129,0
DA:136,0
DA:143,0
DA:144,0
DA:154,0
DA:162,0
DA:164,0
DA:165,0
DA:167,0
DA:174,0
DA:186,0
DA:187,0
DA:190,0
DA:196,0
DA:197,0
DA:203,0
DA:205,0
DA:213,0
DA:214,0
DA:216,0
DA:218,0
DA:228,0
DA:229,0
DA:234,0
DA:244,0
DA:250,0
DA:252,0
DA:253,0
DA:254,0
DA:256,0
DA:257,0
DA:259,0
DA:266,0
DA:276,0
DA:284,0
DA:285,0
DA:291,0
DA:292,0
DA:294,0
DA:305,0
DA:307,0
DA:308,0
DA:309,0
DA:312,0
DA:314,0
DA:316,0
DA:323,0
DA:324,0
DA:330,0
DA:331,0
DA:333,0
DA:335,0
DA:341,0
DA:347,0
DA:348,0
DA:358,0
DA:367,0
DA:369,0
DA:375,0
DA:385,0
DA:387,0
DA:390,0
DA:391,0
DA:397,0
DA:403,0
DA:405,0
DA:414,0
DA:416,0
DA:417,0
DA:418,0
DA:421,0
DA:422,0
DA:423,0
DA:426,0
DA:427,0
DA:428,0
DA:431,0
DA:432,0
DA:434,0
DA:437,0
DA:442,0
DA:449,0
DA:450,0
DA:460,0
DA:462,0
DA:463,0
DA:465,0
DA:472,0
DA:481,0
DA:484,0
DA:485,0
DA:491,0
DA:492,0
DA:494,0
DA:501,0
DA:503,0
DA:510,0
DA:511,0
DA:521,0
DA:523,0
DA:526,0
DA:529,0
DA:536,0
DA:548,0
DA:551,0
DA:559,0
DA:565,0
DA:566,0
DA:576,0
DA:577,0
DA:579,0
DA:586,0
DA:587,0
DA:592,0
DA:594,0
LF:150
LH:0
BRDA:24,0,0,0
BRDA:25,1,0,0
BRDA:26,2,0,0
BRDA:27,3,0,0
BRDA:30,4,0,0
BRDA:30,4,1,0
BRDA:73,5,0,0
BRDA:98,6,0,0
BRDA:98,6,1,0
BRDA:103,7,0,0
BRDA:103,7,1,0
BRDA:108,8,0,0
BRDA:108,8,1,0
BRDA:113,9,0,0
BRDA:113,9,1,0
BRDA:118,10,0,0
BRDA:118,10,1,0
BRDA:131,11,0,0
BRDA:131,11,1,0
BRDA:132,12,0,0
BRDA:132,12,1,0
BRDA:133,13,0,0
BRDA:133,13,1,0
BRDA:158,14,0,0
BRDA:159,15,0,0
BRDA:160,16,0,0
BRDA:161,17,0,0
BRDA:164,18,0,0
BRDA:164,18,1,0
BRDA:186,19,0,0
BRDA:186,19,1,0
BRDA:216,20,0,0
BRDA:216,20,1,0
BRDA:220,21,0,0
BRDA:220,21,1,0
BRDA:228,22,0,0
BRDA:228,22,1,0
BRDA:247,23,0,0
BRDA:248,24,0,0
BRDA:249,25,0,0
BRDA:252,26,0,0
BRDA:252,26,1,0
BRDA:307,27,0,0
BRDA:307,27,1,0
BRDA:331,28,0,0
BRDA:333,29,0,0
BRDA:333,29,1,0
BRDA:364,30,0,0
BRDA:365,31,0,0
BRDA:366,32,0,0
BRDA:400,33,0,0
BRDA:402,34,0,0
BRDA:416,35,0,0
BRDA:416,35,1,0
BRDA:421,36,0,0
BRDA:421,36,1,0
BRDA:426,37,0,0
BRDA:426,37,1,0
BRDA:439,38,0,0
BRDA:439,38,1,0
BRDA:459,39,0,0
BRDA:506,40,0,0
BRDA:506,40,1,0
BRDA:549,41,0,0
BRDA:549,41,1,0
BRDA:553,42,0,0
BRDA:553,42,1,0
BRF:67
BRH:0
end_of_record
TN:
SF:Backend\controllers\tratamientoController.js
FN:3,(anonymous_0)
FN:13,(anonymous_1)
FN:25,(anonymous_2)
FN:45,(anonymous_3)
FN:59,(anonymous_4)
FN:88,(anonymous_5)
FN:115,(anonymous_6)
FN:133,(anonymous_7)
FNF:8
FNH:0
FNDA:0,(anonymous_0)
FNDA:0,(anonymous_1)
FNDA:0,(anonymous_2)
FNDA:0,(anonymous_3)
FNDA:0,(anonymous_4)
FNDA:0,(anonymous_5)
FNDA:0,(anonymous_6)
FNDA:0,(anonymous_7)
DA:1,0
DA:3,0
DA:4,0
DA:5,0
DA:6,0
DA:8,0
DA:9,0
DA:13,0
DA:14,0
DA:15,0
DA:16,0
DA:17,0
DA:18,0
DA:20,0
DA:21,0
DA:25,0
DA:26,0
DA:27,0
DA:29,0
DA:30,0
DA:33,0
DA:34,0
DA:38,0
DA:40,0
DA:41,0
DA:45,0
DA:46,0
DA:47,0
DA:48,0
DA:52,0
DA:54,0
DA:55,0
DA:59,0
DA:60,0
DA:61,0
DA:63,0
DA:64,0
DA:78,0
DA:79,0
DA:81,0
DA:83,0
DA:84,0
DA:88,0
DA:89,0
DA:90,0
DA:91,0
DA:104,0
DA:105,0
DA:108,0
DA:110,0
DA:111,0
DA:115,0
DA:116,0
DA:117,0
DA:119,0
DA:120,0
DA:126,0
DA:128,0
DA:129,0
DA:133,0
DA:134,0
DA:136,0
DA:137,0
DA:138,0
DA:140,0
DA:141,0
LF:66
LH:0
BRDA:15,0,0,0
BRDA:15,0,1,0
BRDA:29,1,0,0
BRDA:29,1,1,0
BRDA:29,2,0,0
BRDA:29,2,1,0
BRDA:29,2,2,0
BRDA:36,3,0,0
BRDA:36,3,1,0
BRDA:104,4,0,0
BRDA:104,4,1,0
BRF:11
BRH:0
end_of_record
TN:
SF:Backend\controllers\usuarioController.js
FN:5,(anonymous_0)
FN:98,(anonymous_1)
FN:139,(anonymous_2)
FN:181,(anonymous_3)
FN:197,(anonymous_4)
FN:232,(anonymous_5)
FN:265,(anonymous_6)
FN:293,(anonymous_7)
FN:321,(anonymous_8)
FN:351,(anonymous_9)
FNF:10
FNH:0
FNDA:0,(anonymous_0)
FNDA:0,(anonymous_1)
FNDA:0,(anonymous_2)
FNDA:0,(anonymous_3)
FNDA:0,(anonymous_4)
FNDA:0,(anonymous_5)
FNDA:0,(anonymous_6)
FNDA:0,(anonymous_7)
FNDA:0,(anonymous_8)
FNDA:0,(anonymous_9)
DA:1,0
DA:3,0
DA:5,0
DA:6,0
DA:8,0
DA:11,0
DA:12,0
DA:13,0
DA:59,0
DA:61,0
DA:64,0
DA:98,0
DA:99,0
DA:101,0
DA:103,0
DA:107,0
DA:108,0
DA:109,0
DA:112,0
DA:114,0
DA:115,0
DA:116,0
DA:117,0
DA:120,0
DA:122,0
DA:127,0
DA:128,0
DA:133,0
DA:134,0
DA:139,0
DA:140,0
DA:141,0
DA:143,0
DA:144,0
DA:147,0
DA:149,0
DA:150,0
DA:151,0
DA:152,0
DA:156,0
DA:158,0
DA:159,0
DA:162,0
DA:163,0
DA:166,0
DA:168,0
DA:169,0
DA:172,0
DA:173,0
DA:175,0
DA:176,0
DA:181,0
DA:182,0
DA:183,0
DA:184,0
DA:186,0
DA:187,0
DA:190,0
DA:192,0
DA:193,0
DA:197,0
DA:198,0
DA:199,0
DA:201,0
DA:202,0
DA:220,0
DA:221,0
DA:224,0
DA:225,0
DA:227,0
DA:228,0
DA:232,0
DA:233,0
DA:234,0
DA:236,0
DA:238,0
DA:239,0
DA:242,0
DA:244,0
DA:245,0
DA:246,0
DA:250,0
DA:255,0
DA:256,0
DA:259,0
DA:260,0
DA:265,0
DA:266,0
DA:268,0
DA:271,0
DA:272,0
DA:275,0
DA:278,0
DA:280,0
DA:287,0
DA:288,0
DA:293,0
DA:294,0
DA:295,0
DA:305,0
DA:306,0
DA:311,0
DA:314,0
DA:316,0
DA:317,0
DA:321,0
DA:322,0
DA:323,0
DA:325,0
DA:327,0
DA:348,0
DA:351,0
DA:367,0
DA:369,0
DA:378,0
DA:379,0
LF:116
LH:0
BRDA:11,0,0,0
BRDA:11,0,1,0
BRDA:104,1,0,0
BRDA:104,1,1,0
BRDA:107,2,0,0
BRDA:107,2,1,0
BRDA:107,3,0,0
BRDA:107,3,1,0
BRDA:107,3,2,0
BRDA:107,3,3,0
BRDA:107,3,4,0
BRDA:115,4,0,0
BRDA:115,4,1,0
BRDA:124,5,0,0
BRDA:124,5,1,0
BRDA:124,6,0,0
BRDA:124,6,1,0
BRDA:124,7,0,0
BRDA:124,7,1,0
BRDA:124,8,0,0
BRDA:124,8,1,0
BRDA:124,9,0,0
BRDA:124,9,1,0
BRDA:143,10,0,0
BRDA:143,10,1,0
BRDA:143,11,0,0
BRDA:143,11,1,0
BRDA:143,11,2,0
BRDA:143,11,3,0
BRDA:150,12,0,0
BRDA:150,12,1,0
BRDA:156,13,0,0
BRDA:156,13,1,0
BRDA:159,14,0,0
BRDA:159,14,1,0
BRDA:163,15,0,0
BRDA:163,15,1,0
BRDA:168,16,0,0
BRDA:168,16,1,0
BRDA:186,17,0,0
BRDA:186,17,1,0
BRDA:220,18,0,0
BRDA:220,18,1,0
BRDA:238,19,0,0
BRDA:238,19,1,0
BRDA:238,20,0,0
BRDA:238,20,1,0
BRDA:245,21,0,0
BRDA:245,21,1,0
BRDA:252,22,0,0
BRDA:252,22,1,0
BRDA:252,23,0,0
BRDA:252,23,1,0
BRDA:252,24,0,0
BRDA:252,24,1,0
BRDA:305,25,0,0
BRDA:305,25,1,0
BRDA:356,26,0,0
BRDA:356,26,1,0
BRDA:360,27,0,0
BRDA:360,27,1,0
BRDA:361,28,0,0
BRDA:361,28,1,0
BRDA:364,29,0,0
BRDA:364,29,1,0
BRF:65
BRH:0
end_of_record
TN:
SF:Backend\controllers\usuarioControllerTest.js
FN:5,(anonymous_0)
FNF:1
FNH:0
FNDA:0,(anonymous_0)
DA:1,0
DA:3,0
DA:5,0
DA:6,0
DA:7,0
DA:8,0
DA:14,0
DA:15,0
LF:8
LH:0
BRF:0
BRH:0
end_of_record
TN:
SF:Backend\controllers\usuarioController_backup.js
FN:3,(anonymous_0)
FN:12,(anonymous_1)
FN:26,(anonymous_2)
FN:40,(anonymous_3)
FN:54,(anonymous_4)
FN:81,(anonymous_5)
FN:131,(anonymous_6)
FN:160,(anonymous_7)
FN:180,(anonymous_8)
FNF:9
FNH:0
FNDA:0,(anonymous_0)
FNDA:0,(anonymous_1)
FNDA:0,(anonymous_2)
FNDA:0,(anonymous_3)
FNDA:0,(anonymous_4)
FNDA:0,(anonymous_5)
FNDA:0,(anonymous_6)
FNDA:0,(anonymous_7)
FNDA:0,(anonymous_8)
DA:1,0
DA:3,0
DA:4,0
DA:5,0
DA:6,0
DA:8,0
DA:12,0
DA:13,0
DA:14,0
DA:15,0
DA:17,0
DA:18,0
DA:19,0
DA:20,0
DA:22,0
DA:26,0
DA:27,0
DA:28,0
DA:29,0
DA:30,0
DA:32,0
DA:33,0
DA:34,0
DA:36,0
DA:40,0
DA:41,0
DA:42,0
DA:43,0
DA:44,0
DA:46,0
DA:54,0
DA:55,0
DA:56,0
DA:58,0
DA:59,0
DA:64,0
DA:65,0
DA:68,0
DA:69,0
DA:72,0
DA:73,0
DA:81,0
DA:82,0
DA:83,0
DA:85,0
DA:86,0
DA:89,0
DA:90,0
DA:93,0
DA:95,0
DA:96,0
DA:97,0
DA:101,0
DA:102,0
DA:103,0
DA:107,0
DA:113,0
DA:115,0
DA:116,0
DA:122,0
DA:123,0
DA:131,0
DA:132,0
DA:133,0
DA:135,0
DA:137,0
DA:139,0
DA:155,0
DA:157,0
DA:160,0
DA:171,0
DA:174,0
DA:175,0
DA:180,0
DA:181,0
DA:182,0
DA:184,0
DA:186,0
DA:198,0
DA:200,0
DA:202,0
DA:210,0
DA:211,0
LF:83
LH:0
BRDA:14,0,0,0
BRDA:14,0,1,0
BRDA:14,1,0,0
BRDA:14,1,1,0
BRDA:14,1,2,0
BRDA:14,1,3,0
BRDA:14,1,4,0
BRDA:29,2,0,0
BRDA:29,2,1,0
BRDA:29,3,0,0
BRDA:29,3,1,0
BRDA:29,3,2,0
BRDA:29,3,3,0
BRDA:64,4,0,0
BRDA:64,4,1,0
BRDA:89,5,0,0
BRDA:89,5,1,0
BRDA:89,6,0,0
BRDA:89,6,1,0
BRDA:89,6,2,0
BRDA:96,7,0,0
BRDA:96,7,1,0
BRDA:102,8,0,0
BRDA:102,8,1,0
BRDA:109,9,0,0
BRDA:109,9,1,0
BRDA:109,10,0,0
BRDA:109,10,1,0
BRDA:167,11,0,0
BRDA:167,11,1,0
BRF:30
BRH:0
end_of_record
TN:
SF:Backend\middleware\authMiddleware.js
FN:2,(anonymous_0)
FNF:1
FNH:0
FNDA:0,(anonymous_0)
DA:2,0
DA:4,0
DA:6,0
DA:7,0
DA:8,0
DA:11,0
DA:12,0
DA:13,0
DA:14,0
DA:15,0
DA:19,0
DA:20,0
DA:21,0
DA:24,0
LF:14
LH:0
BRDA:4,0,0,0
BRDA:4,0,1,0
BRDA:4,0,2,0
BRDA:4,0,3,0
BRDA:11,1,0,0
BRDA:11,1,1,0
BRF:6
BRH:0
end_of_record
TN:
SF:Backend\routes\actividadRoutes.js
FNF:0
FNH:0
DA:1,0
DA:2,0
DA:3,0
DA:6,0
DA:7,0
DA:9,0
LF:6
LH:0
BRF:0
BRH:0
end_of_record
TN:
SF:Backend\routes\authRoutes-simple.js
FNF:0
FNH:0
DA:1,0
DA:2,0
DA:3,0
DA:6,0
DA:7,0
DA:8,0
DA:9,0
DA:10,0
DA:11,0
DA:13,0
LF:10
LH:0
BRF:0
BRH:0
end_of_record
TN:
SF:Backend\routes\authRoutes.js
FN:7,(anonymous_0)
FN:12,(anonymous_1)
FN:17,(anonymous_2)
FN:22,(anonymous_3)
FNF:4
FNH:0
FNDA:0,(anonymous_0)
FNDA:0,(anonymous_1)
FNDA:0,(anonymous_2)
FNDA:0,(anonymous_3)
DA:1,0
DA:2,0
DA:3,0
DA:5,0
DA:7,0
DA:8,0
DA:9,0
DA:12,0
DA:13,0
DA:14,0
DA:17,0
DA:18,0
DA:19,0
DA:22,0
DA:23,0
DA:24,0
DA:27,0
LF:17
LH:0
BRF:0
BRH:0
end_of_record
TN:
SF:Backend\routes\chatRoutes.js
FN:6,(anonymous_0)
FNF:1
FNH:0
FNDA:0,(anonymous_0)
DA:1,0
DA:2,0
DA:3,0
DA:6,0
DA:7,0
DA:20,0
DA:21,0
DA:24,0
DA:25,0
DA:27,0
DA:29,0
LF:11
LH:0
BRF:0
BRH:0
end_of_record
TN:
SF:Backend\routes\citaRoutes.js
FN:6,(anonymous_0)
FNF:1
FNH:0
FNDA:0,(anonymous_0)
DA:1,0
DA:2,0
DA:3,0
DA:6,0
DA:7,0
DA:21,0
DA:22,0
DA:24,0
DA:26,0
DA:28,0
DA:30,0
DA:32,0
DA:34,0
DA:36,0
DA:38,0
DA:40,0
DA:42,0
DA:44,0
DA:46,0
DA:48,0
DA:50,0
LF:21
LH:0
BRF:0
BRH:0
end_of_record
TN:
SF:Backend\routes\comunicacionesRoutes.js
FNF:0
FNH:0
DA:6,0
DA:7,0
DA:8,0
DA:10,0
DA:17,0
DA:20,0
DA:23,0
DA:26,0
DA:29,0
DA:32,0
DA:39,0
DA:42,0
DA:45,0
DA:48,0
DA:51,0
DA:58,0
DA:61,0
DA:64,0
DA:67,0
DA:70,0
DA:77,0
DA:80,0
DA:83,0
DA:86,0
DA:89,0
DA:92,0
DA:99,0
DA:102,0
DA:105,0
DA:108,0
DA:111,0
DA:118,0
DA:121,0
DA:124,0
DA:131,0
DA:134,0
DA:137,0
DA:140,0
DA:142,0
DA:144,0
LF:40
LH:0
BRF:0
BRH:0
end_of_record
TN:
SF:Backend\routes\contactoRoutes.js
FNF:0
FNH:0
DA:1,0
DA:2,0
DA:8,0
DA:11,0
DA:14,0
DA:15,0
DA:16,0
DA:18,0
LF:8
LH:0
BRF:0
BRH:0
end_of_record
TN:
SF:Backend\routes\estadisticasRoutes.js
FNF:0
FNH:0
DA:5,0
DA:6,0
DA:7,0
DA:8,0
DA:11,0
DA:14,0
DA:15,0
DA:16,0
DA:17,0
DA:18,0
DA:19,0
DA:22,0
DA:24,0
LF:13
LH:0
BRF:0
BRH:0
end_of_record
TN:
SF:Backend\routes\evaluacionesRoutes.js
FNF:0
FNH:0
DA:1,0
DA:2,0
DA:3,0
DA:5,0
DA:8,0
DA:9,0
DA:12,0
DA:13,0
DA:16,0
DA:17,0
DA:18,0
DA:19,0
DA:21,0
DA:23,0
LF:14
LH:0
BRF:0
BRH:0
end_of_record
TN:
SF:Backend\routes\faqRoutes.js
FNF:0
FNH:0
DA:1,0
DA:2,0
DA:3,0
DA:5,0
DA:6,0
DA:8,0
LF:6
LH:0
BRF:0
BRH:0
end_of_record
TN:
SF:Backend\routes\historialRoutes.js
FNF:0
FNH:0
DA:1,0
DA:2,0
DA:3,0
DA:6,0
DA:7,0
DA:8,0
DA:9,0
DA:10,0
DA:12,0
LF:9
LH:0
BRF:0
BRH:0
end_of_record
TN:
SF:Backend\routes\iaAutomatizacionRoutes.js
FN:40,(anonymous_0)
FN:93,(anonymous_1)
FNF:2
FNH:0
FNDA:0,(anonymous_0)
FNDA:0,(anonymous_1)
DA:6,0
DA:7,0
DA:8,0
DA:15,0
DA:18,0
DA:21,0
DA:24,0
DA:27,0
DA:30,0
DA:33,0
DA:40,0
DA:41,0
DA:42,0
DA:79,0
DA:87,0
DA:88,0
DA:93,0
DA:94,0
DA:108,0
DA:110,0
LF:20
LH:0
BRF:0
BRH:0
end_of_record
TN:
SF:Backend\routes\integracionRoutes.js
FN:84,(anonymous_0)
FN:140,(anonymous_1)
FN:228,(anonymous_2)
FN:298,(anonymous_3)
FN:303,(anonymous_4)
FNF:5
FNH:0
FNDA:0,(anonymous_0)
FNDA:0,(anonymous_1)
FNDA:0,(anonymous_2)
FNDA:0,(anonymous_3)
FNDA:0,(anonymous_4)
DA:6,0
DA:7,0
DA:8,0
DA:15,0
DA:18,0
DA:21,0
DA:28,0
DA:31,0
DA:34,0
DA:41,0
DA:44,0
DA:51,0
DA:54,0
DA:61,0
DA:64,0
DA:67,0
DA:74,0
DA:77,0
DA:84,0
DA:85,0
DA:86,0
DA:127,0
DA:134,0
DA:135,0
DA:140,0
DA:141,0
DA:142,0
DA:144,0
DA:146,0
DA:148,0
DA:165,0
DA:168,0
DA:185,0
DA:188,0
DA:205,0
DA:208,0
DA:215,0
DA:222,0
DA:223,0
DA:228,0
DA:229,0
DA:230,0
DA:285,0
DA:292,0
DA:293,0
DA:298,0
DA:299,0
DA:300,0
DA:303,0
DA:305,0
DA:322,0
DA:329,0
DA:330,0
DA:334,0
DA:336,0
LF:55
LH:0
BRDA:142,0,0,0
BRDA:146,1,0,0
BRDA:146,1,1,0
BRDA:146,1,2,0
BRDA:146,1,3,0
BRDA:300,2,0,0
BRF:6
BRH:0
end_of_record
TN:
SF:Backend\routes\inventarioRoutes.js
FN:11,(anonymous_0)
FN:26,(anonymous_1)
FN:92,(anonymous_2)
FN:125,(anonymous_3)
FN:162,(anonymous_4)
FN:178,(anonymous_5)
FN:209,(anonymous_6)
FN:256,(anonymous_7)
FN:303,(anonymous_8)
FN:343,(anonymous_9)
FN:397,(anonymous_10)
FN:431,(anonymous_11)
FN:462,(anonymous_12)
FN:479,(anonymous_13)
FN:514,(anonymous_14)
FN:528,(anonymous_15)
FN:534,(anonymous_16)
FNF:17
FNH:0
FNDA:0,(anonymous_0)
FNDA:0,(anonymous_1)
FNDA:0,(anonymous_2)
FNDA:0,(anonymous_3)
FNDA:0,(anonymous_4)
FNDA:0,(anonymous_5)
FNDA:0,(anonymous_6)
FNDA:0,(anonymous_7)
FNDA:0,(anonymous_8)
FNDA:0,(anonymous_9)
FNDA:0,(anonymous_10)
FNDA:0,(anonymous_11)
FNDA:0,(anonymous_12)
FNDA:0,(anonymous_13)
FNDA:0,(anonymous_14)
FNDA:0,(anonymous_15)
FNDA:0,(anonymous_16)
DA:1,0
DA:2,0
DA:3,0
DA:4,0
DA:6,0
DA:11,0
DA:12,0
DA:26,0
DA:27,0
DA:28,0
DA:29,0
DA:47,0
DA:48,0
DA:55,0
DA:56,0
DA:65,0
DA:70,0
DA:71,0
DA:72,0
DA:73,0
DA:74,0
DA:75,0
DA:76,0
DA:77,0
DA:78,0
DA:81,0
DA:82,0
DA:83,0
DA:84,0
DA:92,0
DA:93,0
DA:94,0
DA:118,0
DA:125,0
DA:126,0
DA:127,0
DA:155,0
DA:162,0
DA:163,0
DA:164,0
DA:171,0
DA:178,0
DA:179,0
DA:180,0
DA:200,0
DA:209,0
DA:210,0
DA:211,0
DA:212,0
DA:215,0
DA:216,0
DA:221,0
DA:222,0
DA:227,0
DA:230,0
DA:244,0
DA:245,0
DA:256,0
DA:257,0
DA:258,0
DA:260,0
DA:263,0
DA:286,0
DA:289,0
DA:290,0
DA:303,0
DA:304,0
DA:305,0
DA:307,0
DA:308,0
DA:313,0
DA:315,0
DA:325,0
DA:331,0
DA:332,0
DA:343,0
DA:344,0
DA:353,0
DA:355,0
DA:356,0
DA:361,0
DA:363,0
DA:377,0
DA:383,0
DA:384,0
DA:397,0
DA:398,0
DA:399,0
DA:401,0
DA:402,0
DA:407,0
DA:409,0
DA:417,0
DA:418,0
DA:431,0
DA:432,0
DA:433,0
DA:436,0
DA:459,0
DA:462,0
DA:467,0
DA:468,0
DA:479,0
DA:480,0
DA:481,0
DA:483,0
DA:485,0
DA:498,0
DA:501,0
DA:502,0
DA:512,0
DA:513,0
DA:514,0
DA:515,0
DA:516,0
DA:528,0
DA:529,0
DA:530,0
DA:531,0
DA:534,0
DA:535,0
DA:536,0
DA:548,0
DA:549,0
DA:550,0
DA:552,0
DA:554,0
LF:127
LH:0
BRDA:82,0,0,0
BRDA:82,0,1,0
BRDA:83,1,0,0
BRDA:83,1,1,0
BRDA:84,2,0,0
BRDA:84,2,1,0
BRDA:92,3,0,0
BRDA:92,3,1,0
BRDA:125,4,0,0
BRDA:125,4,1,0
BRDA:162,5,0,0
BRDA:162,5,1,0
BRDA:178,6,0,0
BRDA:178,6,1,0
BRDA:215,7,0,0
BRDA:215,7,1,0
BRDA:221,8,0,0
BRDA:221,8,1,0
BRDA:221,9,0,0
BRDA:221,9,1,0
BRDA:235,10,0,0
BRDA:235,10,1,0
BRDA:238,11,0,0
BRDA:238,11,1,0
BRDA:239,12,0,0
BRDA:239,12,1,0
BRDA:307,13,0,0
BRDA:307,13,1,0
BRDA:319,14,0,0
BRDA:319,14,1,0
BRDA:355,15,0,0
BRDA:355,15,1,0
BRDA:355,16,0,0
BRDA:355,16,1,0
BRDA:401,17,0,0
BRDA:401,17,1,0
BRDA:481,18,0,0
BRDA:548,19,0,0
BRDA:548,19,1,0
BRDA:549,20,0,0
BRDA:549,20,1,0
BRDA:550,21,0,0
BRDA:550,21,1,0
BRF:43
BRH:0
end_of_record
TN:
SF:Backend\routes\notificacionRoutes.js
FN:6,(anonymous_0)
FNF:1
FNH:0
FNDA:0,(anonymous_0)
DA:1,0
DA:2,0
DA:3,0
DA:6,0
DA:7,0
DA:17,0
DA:18,0
DA:20,0
LF:8
LH:0
BRF:0
BRH:0
end_of_record
TN:
SF:Backend\routes\pagoRoutes.js
FNF:0
FNH:0
DA:1,0
DA:2,0
DA:3,0
DA:6,0
DA:7,0
DA:10,0
DA:11,0
DA:12,0
DA:14,0
LF:9
LH:0
BRF:0
BRH:0
end_of_record
TN:
SF:Backend\routes\pagosExtendidoRoutes.js
FN:26,(anonymous_0)
FNF:1
FNH:0
FNDA:0,(anonymous_0)
DA:1,0
DA:2,0
DA:3,0
DA:5,0
DA:10,0
DA:11,0
DA:12,0
DA:13,0
DA:14,0
DA:19,0
DA:20,0
DA:21,0
DA:26,0
DA:27,0
DA:28,0
DA:29,0
DA:30,0
DA:32,0
DA:33,0
DA:34,0
DA:35,0
DA:36,0
DA:38,0
DA:40,0
LF:24
LH:0
BRF:0
BRH:0
end_of_record
TN:
SF:Backend\routes\performanceRoutes.js
FN:76,(anonymous_0)
FN:143,(anonymous_1)
FN:148,(anonymous_2)
FN:188,(anonymous_3)
FN:266,(anonymous_4)
FN:271,(anonymous_5)
FN:369,(anonymous_6)
FNF:7
FNH:0
FNDA:0,(anonymous_0)
FNDA:0,(anonymous_1)
FNDA:0,(anonymous_2)
FNDA:0,(anonymous_3)
FNDA:0,(anonymous_4)
FNDA:0,(anonymous_5)
FNDA:0,(anonymous_6)
DA:6,0
DA:7,0
DA:8,0
DA:15,0
DA:18,0
DA:25,0
DA:28,0
DA:35,0
DA:38,0
DA:45,0
DA:52,0
DA:59,0
DA:62,0
DA:69,0
DA:76,0
DA:77,0
DA:78,0
DA:109,0
DA:110,0
DA:112,0
DA:113,0
DA:120,0
DA:121,0
DA:128,0
DA:137,0
DA:138,0
DA:143,0
DA:144,0
DA:145,0
DA:148,0
DA:150,0
DA:175,0
DA:182,0
DA:183,0
DA:188,0
DA:189,0
DA:190,0
DA:252,0
DA:260,0
DA:261,0
DA:266,0
DA:267,0
DA:268,0
DA:271,0
DA:273,0
DA:275,0
DA:277,0
DA:297,0
DA:300,0
DA:320,0
DA:323,0
DA:343,0
DA:346,0
DA:353,0
DA:363,0
DA:364,0
DA:369,0
DA:370,0
DA:371,0
DA:373,0
DA:436,0
DA:444,0
DA:445,0
DA:449,0
DA:451,0
LF:65
LH:0
BRDA:112,0,0,0
BRDA:112,0,1,0
BRDA:120,1,0,0
BRDA:120,1,1,0
BRDA:133,2,0,0
BRDA:133,2,1,0
BRDA:145,3,0,0
BRDA:145,4,0,0
BRDA:145,5,0,0
BRDA:157,6,0,0
BRDA:157,6,1,0
BRDA:158,7,0,0
BRDA:158,7,1,0
BRDA:159,8,0,0
BRDA:159,8,1,0
BRDA:160,9,0,0
BRDA:160,9,1,0
BRDA:163,10,0,0
BRDA:163,10,1,0
BRDA:164,11,0,0
BRDA:164,11,1,0
BRDA:165,12,0,0
BRDA:165,12,1,0
BRDA:170,13,0,0
BRDA:170,13,1,0
BRDA:268,14,0,0
BRDA:268,15,0,0
BRDA:275,16,0,0
BRDA:275,16,1,0
BRDA:275,16,2,0
BRDA:275,16,3,0
BRDA:371,17,0,0
BRF:32
BRH:0
end_of_record
TN:
SF:Backend\routes\planesRoutes-basic.js
FNF:0
FNH:0
LF:0
LH:0
BRF:0
BRH:0
end_of_record
TN:
SF:Backend\routes\planesRoutes-final.js
FNF:0
FNH:0
LF:0
LH:0
BRF:0
BRH:0
end_of_record
TN:
SF:Backend\routes\planesRoutes-simple.js
FNF:0
FNH:0
LF:0
LH:0
BRF:0
BRH:0
end_of_record
TN:
SF:Backend\routes\planesRoutes.js
FN:44,(anonymous_0)
FN:50,(anonymous_1)
FN:60,(anonymous_2)
FN:77,(anonymous_3)
FN:90,(anonymous_4)
FN:100,(anonymous_5)
FN:109,(anonymous_6)
FNF:7
FNH:0
FNDA:0,(anonymous_0)
FNDA:0,(anonymous_1)
FNDA:0,(anonymous_2)
FNDA:0,(anonymous_3)
FNDA:0,(anonymous_4)
FNDA:0,(anonymous_5)
FNDA:0,(anonymous_6)
DA:2,0
DA:3,0
DA:5,0
DA:8,0
DA:44,0
DA:45,0
DA:46,0
DA:50,0
DA:51,0
DA:52,0
DA:60,0
DA:61,0
DA:62,0
DA:63,0
DA:64,0
DA:77,0
DA:78,0
DA:79,0
DA:83,0
DA:90,0
DA:91,0
DA:92,0
DA:100,0
DA:101,0
DA:102,0
DA:109,0
DA:110,0
DA:111,0
DA:117,0
DA:119,0
LF:30
LH:0
BRF:0
BRH:0
end_of_record
TN:
SF:Backend\routes\pqrsRoutes.js
FN:12,(anonymous_0)
FNF:1
FNH:0
FNDA:0,(anonymous_0)
DA:1,0
DA:2,0
DA:10,0
DA:12,0
DA:13,0
DA:14,0
DA:20,0
DA:23,0
DA:26,0
DA:27,0
DA:28,0
DA:30,0
LF:12
LH:0
BRF:0
BRH:0
end_of_record
TN:
SF:Backend\routes\reportesAnalyticsRoutes.js
FNF:0
FNH:0
DA:6,0
DA:7,0
DA:8,0
DA:10,0
DA:17,0
DA:20,0
DA:23,0
DA:26,0
DA:29,0
DA:32,0
DA:39,0
DA:42,0
DA:45,0
DA:48,0
DA:51,0
DA:58,0
DA:61,0
DA:64,0
DA:67,0
DA:70,0
DA:77,0
DA:80,0
DA:83,0
DA:90,0
DA:93,0
DA:96,0
DA:99,0
DA:117,0
DA:119,0
LF:29
LH:0
BRF:0
BRH:0
end_of_record
TN:
SF:Backend\routes\sedeRoutes.js
FNF:0
FNH:0
DA:2,0
DA:3,0
DA:4,0
DA:7,0
DA:10,0
DA:13,0
DA:16,0
DA:19,0
DA:21,0
LF:9
LH:0
BRF:0
BRH:0
end_of_record
TN:
SF:Backend\routes\sedesRoutes.js
FNF:0
FNH:0
LF:0
LH:0
BRF:0
BRH:0
end_of_record
TN:
SF:Backend\routes\seguridadRoutes.js
FN:73,(anonymous_0)
FN:182,(anonymous_1)
FN:261,(anonymous_2)
FNF:3
FNH:0
FNDA:0,(anonymous_0)
FNDA:0,(anonymous_1)
FNDA:0,(anonymous_2)
DA:6,0
DA:7,0
DA:8,0
DA:15,0
DA:18,0
DA:25,0
DA:32,0
DA:35,0
DA:38,0
DA:45,0
DA:52,0
DA:59,0
DA:66,0
DA:73,0
DA:74,0
DA:75,0
DA:169,0
DA:176,0
DA:177,0
DA:182,0
DA:183,0
DA:184,0
DA:187,0
DA:189,0
DA:191,0
DA:205,0
DA:208,0
DA:221,0
DA:224,0
DA:237,0
DA:240,0
DA:247,0
DA:255,0
DA:256,0
DA:261,0
DA:262,0
DA:263,0
DA:331,0
DA:338,0
DA:339,0
DA:343,0
DA:345,0
LF:42
LH:0
BRDA:184,0,0,0
BRDA:184,1,0,0
BRDA:189,2,0,0
BRDA:189,2,1,0
BRDA:189,2,2,0
BRDA:189,2,3,0
BRDA:194,3,0,0
BRDA:194,3,1,0
BRDA:194,4,0,0
BRDA:194,4,1,0
BRDA:196,5,0,0
BRDA:196,5,1,0
BRDA:226,6,0,0
BRDA:226,6,1,0
BRF:14
BRH:0
end_of_record
TN:
SF:Backend\routes\tratamientoRoutes.js
FNF:0
FNH:0
DA:1,0
DA:2,0
DA:3,0
DA:4,0
DA:7,0
DA:8,0
DA:11,0
DA:12,0
DA:13,0
DA:14,0
DA:15,0
DA:16,0
DA:18,0
LF:13
LH:0
BRF:0
BRH:0
end_of_record
TN:
SF:Backend\routes\usuarioRoutes.js
FN:19,(anonymous_0)
FN:31,(anonymous_1)
FNF:2
FNH:0
FNDA:0,(anonymous_0)
FNDA:0,(anonymous_1)
DA:1,0
DA:2,0
DA:4,0
DA:16,0
DA:19,0
DA:20,0
DA:21,0
DA:24,0
DA:29,0
DA:30,0
DA:31,0
DA:32,0
DA:33,0
DA:35,0
DA:36,0
DA:37,0
DA:38,0
DA:39,0
DA:40,0
DA:42,0
DA:44,0
LF:21
LH:0
BRF:0
BRH:0
end_of_record
TN:
SF:Backend\scripts\ejecutar_contacto_pqrs.js
FN:6,ejecutarScript
FNF:1
FNH:0
FNDA:0,ejecutarScript
DA:1,0
DA:2,0
DA:3,0
DA:4,0
DA:7,0
DA:9,0
DA:17,0
DA:20,0
DA:21,0
DA:24,0
DA:25,0
DA:27,0
DA:28,0
DA:31,0
DA:32,0
DA:34,0
DA:35,0
DA:38,0
DA:39,0
DA:43,0
DA:44,0
DA:47,0
DA:48,0
DA:52,0
LF:24
LH:0
BRDA:10,0,0,0
BRDA:10,0,1,0
BRDA:11,1,0,0
BRDA:11,1,1,0
BRDA:12,2,0,0
BRDA:12,2,1,0
BRDA:13,3,0,0
BRDA:13,3,1,0
BRDA:34,4,0,0
BRDA:34,4,1,0
BRDA:38,5,0,0
BRDA:38,5,1,0
BRF:12
BRH:0
end_of_record
TN:
SF:Backend\services\emailService.js
FN:7,(anonymous_0)
FN:35,(anonymous_1)
FN:51,(anonymous_2)
FNF:3
FNH:0
FNDA:0,(anonymous_0)
FNDA:0,(anonymous_1)
FNDA:0,(anonymous_2)
DA:2,0
DA:4,0
DA:8,0
DA:10,0
DA:12,0
DA:13,0
DA:14,0
DA:15,0
DA:17,0
DA:19,0
DA:26,0
DA:27,0
DA:30,0
DA:32,0
DA:36,0
DA:38,0
DA:39,0
DA:40,0
DA:41,0
DA:43,0
DA:44,0
DA:45,0
DA:46,0
DA:47,0
DA:52,0
DA:55,0
DA:56,0
DA:57,0
DA:58,0
DA:59,0
DA:60,0
DA:62,0
DA:69,0
DA:143,0
DA:144,0
DA:145,0
DA:146,0
DA:152,0
DA:153,0
DA:162,0
DA:163,0
DA:164,0
DA:165,0
DA:167,0
LF:44
LH:0
BRDA:10,0,0,0
BRDA:10,0,1,0
BRDA:10,1,0,0
BRDA:10,1,1,0
BRDA:10,1,2,0
BRDA:10,1,3,0
BRDA:36,2,0,0
BRDA:36,2,1,0
BRDA:55,3,0,0
BRDA:55,3,1,0
BRF:10
BRH:0
end_of_record
TN:
SF:public\js\activate-dashboard.js
FN:5,(anonymous_0)
FN:20,activarSecciones
FN:46,activarSeccionUsuarios
FN:57,activarSeccionCitas
FN:68,activarSeccionFAQs
FN:79,activarSeccionEvaluaciones
FN:90,activarSeccionPagos
FN:101,activarSeccionInventario
FN:127,(anonymous_8)
FN:133,(anonymous_9)
FN:147,(anonymous_10)
FNF:11
FNH:0
FNDA:0,(anonymous_0)
FNDA:0,activarSecciones
FNDA:0,activarSeccionUsuarios
FNDA:0,activarSeccionCitas
FNDA:0,activarSeccionFAQs
FNDA:0,activarSeccionEvaluaciones
FNDA:0,activarSeccionPagos
FNDA:0,activarSeccionInventario
FNDA:0,(anonymous_8)
FNDA:0,(anonymous_9)
FNDA:0,(anonymous_10)
DA:2,0
DA:5,0
DA:6,0
DA:9,0
DA:10,0
DA:11,0
DA:12,0
DA:13,0
DA:17,0
DA:21,0
DA:23,0
DA:25,0
DA:26,0
DA:29,0
DA:30,0
DA:31,0
DA:32,0
DA:33,0
DA:34,0
DA:37,0
DA:38,0
DA:42,0
DA:47,0
DA:48,0
DA:49,0
DA:50,0
DA:53,0
DA:58,0
DA:59,0
DA:60,0
DA:61,0
DA:64,0
DA:69,0
DA:70,0
DA:71,0
DA:72,0
DA:75,0
DA:80,0
DA:81,0
DA:82,0
DA:83,0
DA:86,0
DA:91,0
DA:92,0
DA:93,0
DA:94,0
DA:97,0
DA:102,0
DA:104,0
DA:105,0
DA:106,0
DA:110,0
DA:111,0
DA:112,0
DA:116,0
DA:117,0
DA:118,0
DA:122,0
DA:127,0
DA:128,0
DA:129,0
DA:133,0
DA:134,0
DA:136,0
DA:147,0
DA:148,0
DA:149,0
DA:150,0
DA:151,0
DA:153,0
DA:158,0
DA:159,0
DA:162,0
LF:73
LH:0
BRDA:9,0,0,0
BRDA:9,0,1,0
BRDA:25,1,0,0
BRDA:25,1,1,0
BRDA:48,2,0,0
BRDA:48,2,1,0
BRDA:48,3,0,0
BRDA:48,3,1,0
BRDA:59,4,0,0
BRDA:59,4,1,0
BRDA:59,5,0,0
BRDA:59,5,1,0
BRDA:70,6,0,0
BRDA:70,6,1,0
BRDA:70,7,0,0
BRDA:70,7,1,0
BRDA:81,8,0,0
BRDA:81,8,1,0
BRDA:81,9,0,0
BRDA:81,9,1,0
BRDA:92,10,0,0
BRDA:92,10,1,0
BRDA:92,11,0,0
BRDA:92,11,1,0
BRDA:104,12,0,0
BRDA:104,12,1,0
BRDA:110,13,0,0
BRDA:110,13,1,0
BRDA:116,14,0,0
BRDA:116,14,1,0
BRDA:116,15,0,0
BRDA:116,15,1,0
BRDA:149,16,0,0
BRDA:149,16,1,0
BRDA:150,17,0,0
BRDA:150,17,1,0
BRDA:151,18,0,0
BRDA:151,18,1,0
BRDA:151,19,0,0
BRDA:151,19,1,0
BRF:40
BRH:0
end_of_record
TN:
SF:public\js\admin-dashboard.js
FN:10,cargarUsuarios
FN:12,(anonymous_1)
FN:13,(anonymous_2)
FN:20,cargarCitas
FN:22,(anonymous_4)
FN:23,(anonymous_5)
FN:30,cargarReportes
FN:32,(anonymous_7)
FN:33,(anonymous_8)
FN:40,cargarInventario
FN:42,(anonymous_10)
FN:43,(anonymous_11)
FN:49,(anonymous_12)
FN:57,(anonymous_13)
FNF:14
FNH:0
FNDA:0,cargarUsuarios
FNDA:0,(anonymous_1)
FNDA:0,(anonymous_2)
FNDA:0,cargarCitas
FNDA:0,(anonymous_4)
FNDA:0,(anonymous_5)
FNDA:0,cargarReportes
FNDA:0,(anonymous_7)
FNDA:0,(anonymous_8)
FNDA:0,cargarInventario
FNDA:0,(anonymous_10)
FNDA:0,(anonymous_11)
FNDA:0,(anonymous_12)
FNDA:0,(anonymous_13)
DA:3,0
DA:4,0
DA:5,0
DA:7,0
DA:11,0
DA:12,0
DA:21,0
DA:22,0
DA:31,0
DA:32,0
DA:41,0
DA:42,0
DA:49,0
DA:50,0
DA:51,0
DA:52,0
DA:53,0
DA:57,0
DA:58,0
LF:19
LH:0
BRDA:4,0,0,0
BRDA:4,0,1,0
BRDA:4,1,0,0
BRDA:4,1,1,0
BRF:4
BRH:0
end_of_record
TN:
SF:public\js\app-config.js
FNF:0
FNH:0
DA:4,0
DA:19,0
LF:2
LH:0
BRDA:6,0,0,0
BRDA:6,0,1,0
BRF:2
BRH:0
end_of_record
TN:
SF:public\js\auth-middleware.js
FN:3,(anonymous_0)
FN:7,(anonymous_1)
FN:18,(anonymous_2)
FN:27,(anonymous_3)
FN:63,(anonymous_4)
FN:65,(anonymous_5)
FN:75,(anonymous_6)
FN:82,(anonymous_7)
FN:90,(anonymous_8)
FN:98,(anonymous_9)
FN:103,(anonymous_10)
FN:105,(anonymous_11)
FN:114,(anonymous_12)
FN:122,(anonymous_13)
FN:142,(anonymous_14)
FN:152,(anonymous_15)
FN:157,(anonymous_16)
FN:165,(anonymous_17)
FN:183,(anonymous_18)
FN:188,(anonymous_19)
FNF:20
FNH:0
FNDA:0,(anonymous_0)
FNDA:0,(anonymous_1)
FNDA:0,(anonymous_2)
FNDA:0,(anonymous_3)
FNDA:0,(anonymous_4)
FNDA:0,(anonymous_5)
FNDA:0,(anonymous_6)
FNDA:0,(anonymous_7)
FNDA:0,(anonymous_8)
FNDA:0,(anonymous_9)
FNDA:0,(anonymous_10)
FNDA:0,(anonymous_11)
FNDA:0,(anonymous_12)
FNDA:0,(anonymous_13)
FNDA:0,(anonymous_14)
FNDA:0,(anonymous_15)
FNDA:0,(anonymous_16)
FNDA:0,(anonymous_17)
FNDA:0,(anonymous_18)
FNDA:0,(anonymous_19)
DA:4,0
DA:9,0
DA:12,0
DA:15,0
DA:19,0
DA:20,0
DA:27,0
DA:28,0
DA:29,0
DA:31,0
DA:32,0
DA:33,0
DA:34,0
DA:38,0
DA:39,0
DA:40,0
DA:41,0
DA:44,0
DA:45,0
DA:46,0
DA:47,0
DA:50,0
DA:51,0
DA:52,0
DA:53,0
DA:56,0
DA:57,0
DA:60,0
DA:65,0
DA:66,0
DA:68,0
DA:69,0
DA:75,0
DA:76,0
DA:77,0
DA:82,0
DA:83,0
DA:84,0
DA:85,0
DA:90,0
DA:92,0
DA:93,0
DA:100,0
DA:103,0
DA:104,0
DA:105,0
DA:106,0
DA:107,0
DA:112,0
DA:114,0
DA:115,0
DA:119,0
DA:123,0
DA:126,0
DA:129,0
DA:132,0
DA:135,0
DA:139,0
DA:144,0
DA:145,0
DA:146,0
DA:149,0
DA:152,0
DA:153,0
DA:159,0
DA:160,0
DA:166,0
DA:169,0
DA:172,0
DA:175,0
DA:178,0
DA:183,0
DA:184,0
DA:188,0
DA:189,0
DA:190,0
DA:193,0
DA:194,0
DA:195,0
LF:79
LH:0
BRDA:27,0,0,0
BRDA:27,0,1,0
BRDA:31,1,0,0
BRDA:31,1,1,0
BRDA:31,2,0,0
BRDA:31,2,1,0
BRDA:38,3,0,0
BRDA:38,3,1,0
BRDA:38,4,0,0
BRDA:38,4,1,0
BRDA:44,5,0,0
BRDA:44,5,1,0
BRDA:44,6,0,0
BRDA:44,6,1,0
BRDA:50,7,0,0
BRDA:50,7,1,0
BRDA:50,8,0,0
BRDA:50,8,1,0
BRDA:66,9,0,0
BRDA:66,9,1,0
BRDA:68,10,0,0
BRDA:68,10,1,0
BRDA:76,11,0,0
BRDA:76,11,1,0
BRDA:83,12,0,0
BRDA:83,12,1,0
BRDA:83,13,0,0
BRDA:83,13,1,0
BRDA:92,14,0,0
BRDA:92,14,1,0
BRDA:122,15,0,0
BRDA:135,16,0,0
BRDA:135,16,1,0
BRDA:159,17,0,0
BRDA:159,17,1,0
BRDA:159,18,0,0
BRDA:159,18,1,0
BRDA:189,19,0,0
BRDA:189,19,1,0
BRF:39
BRH:0
end_of_record
TN:
SF:public\js\carrusel.js
FN:5,showSlide
FN:6,(anonymous_1)
FN:11,moverCarrusel
FN:16,(anonymous_3)
FN:24,showNewsSlide
FN:25,(anonymous_5)
FN:30,moverNoticias
FN:38,showTestimonialSlide
[...]
BRDA:286,30,1,0
BRDA:288,31,0,0
BRDA:288,31,1,0
BRDA:289,32,0,0
BRDA:289,32,1,0
BRDA:310,33,0,0
BRDA:310,33,1,0
BRDA:328,34,0,0
BRDA:328,34,1,0
BRDA:329,35,0,0
BRDA:329,35,1,0
BRDA:333,36,0,0
BRDA:333,36,1,0
BRDA:337,37,0,0
BRDA:337,37,1,0
BRDA:338,38,0,0
BRDA:338,38,1,0
BRDA:356,39,0,0
BRDA:356,39,1,0
BRDA:374,40,0,0
BRDA:374,40,1,0
BRDA:375,41,0,0
BRDA:375,41,1,0
BRDA:376,42,0,0
BRDA:376,42,1,0
BRDA:378,43,0,0
BRDA:378,43,1,0
BRDA:379,44,0,0
BRDA:379,44,1,0
BRDA:386,45,0,0
BRDA:386,45,1,0
BRDA:388,46,0,0
BRDA:388,46,1,0
BRDA:389,47,0,0
BRDA:389,47,1,0
BRDA:438,48,0,0
BRDA:438,48,1,0
BRDA:451,49,0,0
BRDA:451,49,1,0
BRDA:457,50,0,0
BRDA:457,50,1,0
BRDA:485,51,0,0
BRDA:485,51,1,0
BRDA:491,52,0,0
BRDA:491,52,1,0
BRDA:505,53,0,0
BRDA:505,53,1,0
BRDA:517,54,0,0
BRDA:517,54,1,0
BRDA:522,55,0,0
BRDA:522,55,1,0
BRDA:557,56,0,0
BRDA:557,56,1,0
BRDA:557,57,0,0
BRDA:557,57,1,0
BRDA:571,58,0,0
BRDA:571,58,1,0
BRDA:572,59,0,0
BRDA:572,59,1,0
BRDA:585,60,0,0
BRDA:585,60,1,0
BRDA:589,61,0,0
BRDA:589,61,1,0
BRDA:595,62,0,0
BRDA:595,62,1,0
BRDA:625,63,0,0
BRDA:625,63,1,0
BRF:131
BRH:0
end_of_record
TN:
SF:public\js\pagos-funcional.js
FN:2,(anonymous_0)
FN:10,getAuthHeaders
FN:21,authFetch
FN:34,inicializar
FN:43,configurarEventListeners
FN:66,(anonymous_5)
FN:74,(anonymous_6)
FN:87,configurarFechas
FN:102,cargarDatos
FN:113,cargarEstadisticas
FN:131,actualizarEstadisticas
FN:151,cargarHistorialPagos
FN:174,mostrarPagosEnTabla
FN:189,(anonymous_13)
FN:213,getBadgeColor
FN:222,mostrarMensajeVacio
FN:231,cargarServicios
FN:252,cargarPacientes
FN:258,(anonymous_18)
FN:270,abrirModalNuevaFactura
FN:280,abrirModalServicios
FN:289,abrirModalReporte
FN:297,abrirModalConfig
FN:308,cargarPacientesFactura
FN:314,(anonymous_24)
FN:322,cargarServiciosFactura
FN:324,(anonymous_26)
FN:326,(anonymous_27)
FN:336,calcularTotalFactura
FN:339,(anonymous_29)
FN:362,cargarTablaServicios
FN:375,(anonymous_31)
FN:398,cargarConfigFacturacion
FN:420,(anonymous_33)
FN:448,(anonymous_34)
FN:457,(anonymous_35)
FN:462,(anonymous_36)
FN:471,(anonymous_37)
FN:507,(anonymous_38)
FN:529,(anonymous_39)
FN:533,(anonymous_40)
FN:535,(anonymous_41)
FN:541,(anonymous_42)
FN:561,mostrarResultadosReporte
FN:576,(anonymous_44)
FN:599,(anonymous_45)
FN:620,(anonymous_46)
FN:636,(anonymous_47)
FN:640,(anonymous_48)
FN:645,(anonymous_49)
FNF:50
FNH:0
FNDA:0,(anonymous_0)
FNDA:0,getAuthHeaders
FNDA:0,authFetch
FNDA:0,inicializar
FNDA:0,configurarEventListeners
FNDA:0,(anonymous_5)
FNDA:0,(anonymous_6)
FNDA:0,configurarFechas
FNDA:0,cargarDatos
FNDA:0,cargarEstadisticas
FNDA:0,actualizarEstadisticas
FNDA:0,cargarHistorialPagos
FNDA:0,mostrarPagosEnTabla
FNDA:0,(anonymous_13)
FNDA:0,getBadgeColor
FNDA:0,mostrarMensajeVacio
FNDA:0,cargarServicios
FNDA:0,cargarPacientes
FNDA:0,(anonymous_18)
FNDA:0,abrirModalNuevaFactura
FNDA:0,abrirModalServicios
FNDA:0,abrirModalReporte
FNDA:0,abrirModalConfig
FNDA:0,cargarPacientesFactura
FNDA:0,(anonymous_24)
FNDA:0,cargarServiciosFactura
FNDA:0,(anonymous_26)
FNDA:0,(anonymous_27)
FNDA:0,calcularTotalFactura
FNDA:0,(anonymous_29)
FNDA:0,cargarTablaServicios
FNDA:0,(anonymous_31)
FNDA:0,cargarConfigFacturacion
FNDA:0,(anonymous_33)
FNDA:0,(anonymous_34)
FNDA:0,(anonymous_35)
FNDA:0,(anonymous_36)
FNDA:0,(anonymous_37)
FNDA:0,(anonymous_38)
FNDA:0,(anonymous_39)
FNDA:0,(anonymous_40)
FNDA:0,(anonymous_41)
FNDA:0,(anonymous_42)
FNDA:0,mostrarResultadosReporte
FNDA:0,(anonymous_44)
FNDA:0,(anonymous_45)
FNDA:0,(anonymous_46)
FNDA:0,(anonymous_47)
FNDA:0,(anonymous_48)
FNDA:0,(anonymous_49)
DA:2,0
DA:6,0
DA:7,0
DA:11,0
DA:12,0
DA:14,0
DA:22,0
DA:24,0
DA:35,0
DA:37,0
DA:38,0
DA:39,0
DA:45,0
DA:46,0
DA:47,0
DA:50,0
DA:51,0
DA:52,0
DA:55,0
DA:56,0
DA:57,0
DA:60,0
DA:61,0
DA:62,0
DA:66,0
DA:67,0
DA:70,0
DA:74,0
DA:75,0
DA:76,0
DA:77,0
DA:78,0
DA:79,0
DA:80,0
DA:88,0
DA:89,0
DA:90,0
DA:92,0
DA:93,0
DA:94,0
DA:95,0
DA:96,0
DA:97,0
DA:103,0
DA:114,0
DA:115,0
DA:118,0
DA:125,0
DA:127,0
DA:132,0
DA:138,0
DA:139,0
DA:140,0
DA:141,0
DA:143,0
DA:144,0
DA:145,0
DA:146,0
DA:152,0
DA:153,0
DA:155,0
DA:157,0
DA:158,0
DA:159,0
DA:160,0
DA:163,0
DA:169,0
DA:170,0
DA:175,0
DA:176,0
DA:178,0
DA:179,0
DA:180,0
DA:183,0
DA:189,0
DA:214,0
DA:215,0
DA:216,0
DA:217,0
DA:218,0
DA:223,0
DA:224,0
DA:225,0
DA:232,0
DA:233,0
DA:234,0
DA:235,0
DA:236,0
DA:237,0
DA:240,0
DA:248,0
DA:253,0
DA:254,0
DA:255,0
DA:256,0
DA:257,0
DA:258,0
DA:259,0
DA:261,0
DA:264,0
DA:271,0
DA:272,0
DA:273,0
DA:274,0
DA:275,0
DA:276,0
DA:281,0
DA:282,0
DA:283,0
DA:284,0
DA:285,0
DA:290,0
DA:291,0
DA:292,0
DA:293,0
DA:298,0
DA:299,0
DA:300,0
DA:301,0
DA:302,0
DA:309,0
DA:310,0
DA:312,0
DA:314,0
DA:315,0
DA:316,0
DA:317,0
DA:318,0
DA:323,0
DA:324,0
DA:325,0
DA:326,0
DA:327,0
DA:328,0
DA:329,0
DA:330,0
DA:331,0
DA:337,0
DA:339,0
DA:340,0
DA:341,0
DA:342,0
DA:345,0
DA:346,0
DA:347,0
DA:349,0
DA:355,0
DA:356,0
DA:357,0
DA:363,0
DA:364,0
DA:366,0
DA:368,0
DA:374,0
DA:375,0
DA:394,0
DA:400,0
DA:409,0
DA:410,0
DA:411,0
DA:412,0
DA:413,0
DA:414,0
DA:420,0
DA:421,0
DA:422,0
DA:424,0
DA:425,0
DA:426,0
DA:444,0
DA:447,0
DA:448,0
DA:449,0
DA:450,0
DA:451,0
DA:452,0
DA:453,0
DA:457,0
DA:458,0
DA:459,0
DA:462,0
DA:463,0
DA:464,0
DA:465,0
DA:466,0
DA:470,0
DA:471,0
DA:472,0
DA:473,0
DA:474,0
DA:476,0
DA:477,0
DA:485,0
DA:493,0
DA:494,0
DA:497,0
DA:498,0
DA:499,0
DA:500,0
DA:502,0
DA:503,0
DA:507,0
DA:508,0
DA:509,0
DA:511,0
DA:512,0
DA:513,0
DA:514,0
DA:518,0
DA:524,0
DA:525,0
DA:526,0
DA:529,0
DA:530,0
DA:533,0
DA:534,0
DA:535,0
DA:536,0
DA:537,0
DA:541,0
DA:542,0
DA:543,0
DA:544,0
DA:546,0
DA:547,0
DA:548,0
DA:552,0
DA:558,0
DA:562,0
DA:563,0
DA:565,0
DA:566,0
DA:567,0
DA:570,0
DA:576,0
DA:578,0
DA:599,0
DA:620,0
DA:621,0
DA:630,0
DA:631,0
DA:633,0
DA:636,0
DA:637,0
DA:640,0
DA:641,0
DA:645,0
DA:646,0
DA:647,0
DA:651,0
DA:652,0
DA:653,0
LF:252
LH:0
BRDA:11,0,0,0
BRDA:11,0,1,0
BRDA:12,1,0,0
BRDA:12,1,1,0
BRDA:16,2,0,0
BRDA:16,2,1,0
BRDA:21,3,0,0
BRDA:46,4,0,0
BRDA:46,4,1,0
BRDA:51,5,0,0
BRDA:51,5,1,0
BRDA:56,6,0,0
BRDA:56,6,1,0
BRDA:61,7,0,0
BRDA:61,7,1,0
BRDA:67,8,0,0
BRDA:67,8,1,0
BRDA:67,9,0,0
BRDA:67,9,1,0
BRDA:67,9,2,0
BRDA:75,10,0,0
BRDA:75,10,1,0
BRDA:77,11,0,0
BRDA:77,11,1,0
BRDA:79,12,0,0
BRDA:79,12,1,0
BRDA:90,13,0,0
BRDA:90,13,1,0
BRDA:94,14,0,0
BRDA:94,14,1,0
BRDA:94,15,0,0
BRDA:94,15,1,0
BRDA:143,16,0,0
BRDA:143,16,1,0
BRDA:143,17,0,0
BRDA:143,17,1,0
BRDA:144,18,0,0
BRDA:144,18,1,0
BRDA:144,19,0,0
BRDA:144,19,1,0
BRDA:145,20,0,0
BRDA:145,20,1,0
BRDA:145,21,0,0
BRDA:145,21,1,0
BRDA:146,22,0,0
BRDA:146,22,1,0
BRDA:146,23,0,0
BRDA:146,23,1,0
BRDA:157,24,0,0
BRDA:157,24,1,0
BRDA:159,25,0,0
BRDA:159,25,1,0
BRDA:159,25,2,0
BRDA:176,26,0,0
BRDA:176,26,1,0
BRDA:178,27,0,0
BRDA:178,27,1,0
BRDA:191,28,0,0
BRDA:191,28,1,0
BRDA:192,29,0,0
BRDA:192,29,1,0
BRDA:192,29,2,0
BRDA:193,30,0,0
BRDA:193,30,1,0
BRDA:214,31,0,0
BRDA:214,31,1,0
BRDA:214,31,2,0
BRDA:214,31,3,0
BRDA:224,32,0,0
BRDA:224,32,1,0
BRDA:234,33,0,0
BRDA:234,33,1,0
BRDA:236,34,0,0
BRDA:236,34,1,0
BRDA:236,34,2,0
BRDA:255,35,0,0
BRDA:255,35,1,0
BRDA:257,36,0,0
BRDA:257,36,1,0
BRDA:257,36,2,0
BRDA:272,37,0,0
BRDA:272,37,1,0
BRDA:282,38,0,0
BRDA:282,38,1,0
BRDA:291,39,0,0
BRDA:291,39,1,0
BRDA:299,40,0,0
BRDA:299,40,1,0
BRDA:310,41,0,0
BRDA:310,41,1,0
BRDA:340,42,0,0
BRDA:340,42,1,0
BRDA:341,43,0,0
BRDA:341,43,1,0
BRDA:345,44,0,0
BRDA:345,44,1,0
BRDA:356,45,0,0
BRDA:356,45,1,0
BRDA:364,46,0,0
BRDA:364,46,1,0
BRDA:374,47,0,0
BRDA:374,47,1,0
BRDA:400,48,0,0
BRDA:400,48,1,0
BRDA:422,49,0,0
BRDA:422,49,1,0
BRDA:464,50,0,0
BRDA:464,50,1,0
BRDA:464,51,0,0
BRDA:464,51,1,0
BRDA:465,52,0,0
BRDA:465,52,1,0
BRDA:476,53,0,0
BRDA:476,53,1,0
BRDA:476,54,0,0
BRDA:476,54,1,0
BRDA:476,54,2,0
BRDA:489,55,0,0
BRDA:489,55,1,0
BRDA:509,56,0,0
BRDA:509,56,1,0
BRDA:512,57,0,0
BRDA:512,57,1,0
BRDA:512,58,0,0
BRDA:512,58,1,0
BRDA:534,59,0,0
BRDA:534,59,1,0
BRDA:546,60,0,0
BRDA:546,60,1,0
BRDA:546,61,0,0
BRDA:546,61,1,0
BRDA:563,62,0,0
BRDA:563,62,1,0
BRDA:565,63,0,0
BRDA:565,63,1,0
BRDA:576,64,0,0
BRDA:576,64,1,0
BRDA:602,65,0,0
BRDA:602,65,1,0
BRDA:606,66,0,0
BRDA:606,66,1,0
BRDA:651,67,0,0
BRDA:651,67,1,0
BRDA:651,68,0,0
BRDA:651,68,1,0
BRF:145
BRH:0
end_of_record
TN:
SF:public\js\pagos.js
FN:2,(anonymous_0)
FN:10,getAuthHeaders
FN:21,authFetch
FN:34,inicializar
FN:43,configurarEventListeners
FN:66,(anonymous_5)
FN:74,(anonymous_6)
FN:87,configurarFechas
FN:102,cargarDatos
FN:113,cargarEstadisticas
FN:131,actualizarEstadisticas
FN:151,cargarHistorialPagos
FN:174,mostrarPagosEnTabla
FN:194,(anonymous_13)
FN:219,getBadgeColor
FN:228,mostrarMensajeVacio
FN:237,cargarServicios
FN:258,cargarPacientes
FN:264,(anonymous_18)
FN:276,abrirModalNuevaFactura
FN:286,abrirModalServicios
FN:295,abrirModalReporte
FN:303,abrirModalConfig
FN:314,cargarPacientesFactura
FN:320,(anonymous_24)
FN:328,cargarServiciosFactura
FN:330,(anonymous_26)
FN:332,(anonymous_27)
FN:342,calcularTotalFactura
FN:345,(anonymous_29)
FN:368,cargarTablaServicios
FN:381,(anonymous_31)
FN:404,cargarConfigFacturacion
FN:426,(anonymous_33)
FN:454,(anonymous_34)
FN:463,(anonymous_35)
FN:468,(anonymous_36)
FN:477,(anonymous_37)
FN:513,(anonymous_38)
FN:535,(anonymous_39)
FN:539,(anonymous_40)
FN:541,(anonymous_41)
FN:547,(anonymous_42)
FN:567,mostrarResultadosReporte
FN:582,(anonymous_44)
FN:605,(anonymous_45)
FN:626,(anonymous_46)
FN:642,(anonymous_47)
FN:646,(anonymous_48)
FN:651,(anonymous_49)
FNF:50
FNH:0
FNDA:0,(anonymous_0)
FNDA:0,getAuthHeaders
FNDA:0,authFetch
FNDA:0,inicializar
FNDA:0,configurarEventListeners
FNDA:0,(anonymous_5)
FNDA:0,(anonymous_6)
FNDA:0,configurarFechas
FNDA:0,cargarDatos
FNDA:0,cargarEstadisticas
FNDA:0,actualizarEstadisticas
FNDA:0,cargarHistorialPagos
FNDA:0,mostrarPagosEnTabla
FNDA:0,(anonymous_13)
FNDA:0,getBadgeColor
FNDA:0,mostrarMensajeVacio
FNDA:0,cargarServicios
FNDA:0,cargarPacientes
FNDA:0,(anonymous_18)
FNDA:0,abrirModalNuevaFactura
FNDA:0,abrirModalServicios
FNDA:0,abrirModalReporte
FNDA:0,abrirModalConfig
FNDA:0,cargarPacientesFactura
FNDA:0,(anonymous_24)
FNDA:0,cargarServiciosFactura
FNDA:0,(anonymous_26)
FNDA:0,(anonymous_27)
FNDA:0,calcularTotalFactura
FNDA:0,(anonymous_29)
FNDA:0,cargarTablaServicios
FNDA:0,(anonymous_31)
FNDA:0,cargarConfigFacturacion
FNDA:0,(anonymous_33)
FNDA:0,(anonymous_34)
FNDA:0,(anonymous_35)
FNDA:0,(anonymous_36)
FNDA:0,(anonymous_37)
FNDA:0,(anonymous_38)
FNDA:0,(anonymous_39)
FNDA:0,(anonymous_40)
FNDA:0,(anonymous_41)
FNDA:0,(anonymous_42)
FNDA:0,mostrarResultadosReporte
FNDA:0,(anonymous_44)
FNDA:0,(anonymous_45)
FNDA:0,(anonymous_46)
FNDA:0,(anonymous_47)
FNDA:0,(anonymous_48)
FNDA:0,(anonymous_49)
DA:2,0
DA:6,0
DA:7,0
DA:11,0
DA:12,0
DA:14,0
DA:22,0
DA:24,0
DA:35,0
DA:37,0
DA:38,0
DA:39,0
DA:45,0
DA:46,0
DA:47,0
DA:50,0
DA:51,0
DA:52,0
DA:55,0
DA:56,0
DA:57,0
DA:60,0
DA:61,0
DA:62,0
DA:66,0
DA:67,0
DA:70,0
DA:74,0
DA:75,0
DA:76,0
DA:77,0
DA:78,0
DA:79,0
DA:80,0
DA:88,0
DA:89,0
DA:90,0
DA:92,0
DA:93,0
DA:94,0
DA:95,0
DA:96,0
DA:97,0
DA:103,0
DA:114,0
DA:115,0
DA:118,0
DA:125,0
DA:127,0
DA:132,0
DA:138,0
DA:139,0
DA:140,0
DA:141,0
DA:143,0
DA:144,0
DA:145,0
DA:146,0
DA:152,0
DA:153,0
DA:155,0
DA:157,0
DA:158,0
DA:159,0
DA:160,0
DA:163,0
DA:169,0
DA:170,0
DA:175,0
DA:176,0
DA:177,0
DA:178,0
DA:181,0
DA:182,0
DA:183,0
DA:186,0
DA:188,0
DA:194,0
DA:220,0
DA:221,0
DA:222,0
DA:223,0
DA:224,0
DA:229,0
DA:230,0
DA:231,0
DA:238,0
DA:239,0
DA:240,0
DA:241,0
DA:242,0
DA:243,0
DA:246,0
DA:254,0
DA:259,0
DA:260,0
DA:261,0
DA:262,0
DA:263,0
DA:264,0
DA:265,0
DA:267,0
DA:270,0
DA:277,0
DA:278,0
DA:279,0
DA:280,0
DA:281,0
DA:282,0
DA:287,0
DA:288,0
DA:289,0
DA:290,0
DA:291,0
DA:296,0
DA:297,0
DA:298,0
DA:299,0
DA:304,0
DA:305,0
DA:306,0
DA:307,0
DA:308,0
DA:315,0
DA:316,0
DA:318,0
DA:320,0
DA:321,0
DA:322,0
DA:323,0
DA:324,0
DA:329,0
DA:330,0
DA:331,0
DA:332,0
DA:333,0
DA:334,0
DA:335,0
DA:336,0
DA:337,0
DA:343,0
DA:345,0
DA:346,0
DA:347,0
DA:348,0
DA:351,0
DA:352,0
DA:353,0
DA:355,0
DA:361,0
DA:362,0
DA:363,0
DA:369,0
DA:370,0
DA:372,0
DA:374,0
DA:380,0
DA:381,0
DA:400,0
DA:406,0
DA:415,0
DA:416,0
DA:417,0
DA:418,0
DA:419,0
DA:420,0
DA:426,0
DA:427,0
DA:428,0
DA:430,0
DA:431,0
DA:432,0
DA:450,0
DA:453,0
DA:454,0
DA:455,0
DA:456,0
DA:457,0
DA:458,0
DA:459,0
DA:463,0
DA:464,0
DA:465,0
DA:468,0
DA:469,0
DA:470,0
DA:471,0
DA:472,0
DA:476,0
DA:477,0
DA:478,0
DA:479,0
DA:480,0
DA:482,0
DA:483,0
DA:491,0
DA:499,0
DA:500,0
DA:503,0
DA:504,0
DA:505,0
DA:506,0
DA:508,0
DA:509,0
DA:513,0
DA:514,0
DA:515,0
DA:517,0
DA:518,0
DA:519,0
DA:520,0
DA:524,0
DA:530,0
DA:531,0
DA:532,0
DA:535,0
DA:536,0
DA:539,0
DA:540,0
DA:541,0
DA:542,0
DA:543,0
DA:547,0
DA:548,0
DA:549,0
DA:550,0
DA:552,0
DA:553,0
DA:554,0
DA:558,0
DA:564,0
DA:568,0
DA:569,0
DA:571,0
DA:572,0
DA:573,0
DA:576,0
DA:582,0
DA:584,0
DA:605,0
DA:626,0
DA:627,0
DA:636,0
DA:637,0
DA:639,0
DA:642,0
DA:643,0
DA:646,0
DA:647,0
DA:651,0
DA:652,0
DA:653,0
DA:657,0
DA:658,0
DA:659,0
DA:663,0
LF:256
LH:0
BRDA:11,0,0,0
BRDA:11,0,1,0
BRDA:12,1,0,0
BRDA:12,1,1,0
BRDA:16,2,0,0
BRDA:16,2,1,0
BRDA:21,3,0,0
BRDA:46,4,0,0
BRDA:46,4,1,0
BRDA:51,5,0,0
BRDA:51,5,1,0
BRDA:56,6,0,0
BRDA:56,6,1,0
BRDA:61,7,0,0
BRDA:61,7,1,0
BRDA:67,8,0,0
BRDA:67,8,1,0
BRDA:67,9,0,0
BRDA:67,9,1,0
BRDA:67,9,2,0
BRDA:75,10,0,0
BRDA:75,10,1,0
BRDA:77,11,0,0
BRDA:77,11,1,0
BRDA:79,12,0,0
BRDA:79,12,1,0
BRDA:90,13,0,0
BRDA:90,13,1,0
BRDA:94,14,0,0
BRDA:94,14,1,0
BRDA:94,15,0,0
BRDA:94,15,1,0
BRDA:143,16,0,0
BRDA:143,16,1,0
BRDA:143,17,0,0
BRDA:143,17,1,0
BRDA:144,18,0,0
BRDA:144,18,1,0
BRDA:144,19,0,0
BRDA:144,19,1,0
BRDA:145,20,0,0
BRDA:145,20,1,0
BRDA:145,21,0,0
BRDA:145,21,1,0
BRDA:146,22,0,0
BRDA:146,22,1,0
BRDA:146,23,0,0
BRDA:146,23,1,0
BRDA:157,24,0,0
BRDA:157,24,1,0
BRDA:159,25,0,0
BRDA:159,25,1,0
BRDA:159,25,2,0
BRDA:176,26,0,0
BRDA:176,26,1,0
BRDA:181,27,0,0
BRDA:181,27,1,0
BRDA:196,28,0,0
BRDA:196,28,1,0
BRDA:197,29,0,0
BRDA:197,29,1,0
BRDA:198,30,0,0
BRDA:198,30,1,0
BRDA:198,30,2,0
BRDA:199,31,0,0
BRDA:199,31,1,0
BRDA:199,31,2,0
BRDA:200,32,0,0
BRDA:200,32,1,0
BRDA:200,32,2,0
BRDA:201,33,0,0
BRDA:201,33,1,0
BRDA:201,33,2,0
BRDA:203,34,0,0
BRDA:203,34,1,0
BRDA:204,35,0,0
BRDA:204,35,1,0
BRDA:220,36,0,0
BRDA:220,36,1,0
BRDA:220,36,2,0
BRDA:220,36,3,0
BRDA:230,37,0,0
BRDA:230,37,1,0
BRDA:240,38,0,0
BRDA:240,38,1,0
BRDA:242,39,0,0
BRDA:242,39,1,0
BRDA:242,39,2,0
BRDA:261,40,0,0
BRDA:261,40,1,0
BRDA:263,41,0,0
BRDA:263,41,1,0
BRDA:263,41,2,0
BRDA:278,42,0,0
BRDA:278,42,1,0
BRDA:288,43,0,0
BRDA:288,43,1,0
BRDA:297,44,0,0
BRDA:297,44,1,0
BRDA:305,45,0,0
BRDA:305,45,1,0
BRDA:316,46,0,0
BRDA:316,46,1,0
BRDA:346,47,0,0
BRDA:346,47,1,0
BRDA:347,48,0,0
BRDA:347,48,1,0
BRDA:351,49,0,0
BRDA:351,49,1,0
BRDA:362,50,0,0
BRDA:362,50,1,0
BRDA:370,51,0,0
BRDA:370,51,1,0
BRDA:380,52,0,0
BRDA:380,52,1,0
BRDA:406,53,0,0
BRDA:406,53,1,0
BRDA:428,54,0,0
BRDA:428,54,1,0
BRDA:470,55,0,0
BRDA:470,55,1,0
BRDA:470,56,0,0
BRDA:470,56,1,0
BRDA:471,57,0,0
BRDA:471,57,1,0
BRDA:482,58,0,0
BRDA:482,58,1,0
BRDA:482,59,0,0
BRDA:482,59,1,0
BRDA:482,59,2,0
BRDA:495,60,0,0
BRDA:495,60,1,0
BRDA:515,61,0,0
BRDA:515,61,1,0
BRDA:518,62,0,0
BRDA:518,62,1,0
BRDA:518,63,0,0
BRDA:518,63,1,0
BRDA:540,64,0,0
BRDA:540,64,1,0
BRDA:552,65,0,0
BRDA:552,65,1,0
BRDA:552,66,0,0
BRDA:552,66,1,0
BRDA:569,67,0,0
BRDA:569,67,1,0
BRDA:571,68,0,0
BRDA:571,68,1,0
BRDA:582,69,0,0
BRDA:582,69,1,0
BRDA:608,70,0,0
BRDA:608,70,1,0
BRDA:612,71,0,0
BRDA:612,71,1,0
BRDA:657,72,0,0
BRDA:657,72,1,0
BRDA:657,73,0,0
BRDA:657,73,1,0
BRF:158
BRH:0
end_of_record
TN:
SF:public\js\pqrs.js
FN:2,(anonymous_0)
FN:7,(anonymous_1)
FN:12,(anonymous_2)
FN:17,(anonymous_3)
FN:27,(anonymous_4)
FN:31,(anonymous_5)
FNF:6
FNH:0
FNDA:0,(anonymous_0)
FNDA:0,(anonymous_1)
FNDA:0,(anonymous_2)
FNDA:0,(anonymous_3)
FNDA:0,(anonymous_4)
FNDA:0,(anonymous_5)
DA:2,0
DA:3,0
DA:4,0
DA:5,0
DA:7,0
DA:8,0
DA:9,0
DA:12,0
DA:13,0
DA:14,0
DA:17,0
DA:18,0
DA:19,0
DA:20,0
DA:25,0
DA:26,0
DA:27,0
DA:28,0
DA:31,0
DA:32,0
DA:33,0
DA:36,0
DA:37,0
LF:23
LH:0
BRDA:18,0,0,0
BRDA:18,0,1,0
BRDA:26,1,0,0
BRDA:26,1,1,0
BRF:4
BRH:0
end_of_record
TN:
SF:public\js\recuperar.js
FN:5,(anonymous_0)
FN:18,(anonymous_1)
FNF:2
FNH:0
FNDA:0,(anonymous_0)
FNDA:0,(anonymous_1)
DA:1,0
DA:2,0
DA:5,0
DA:6,0
DA:7,0
DA:9,0
DA:10,0
DA:11,0
DA:12,0
DA:13,0
DA:18,0
DA:19,0
DA:20,0
DA:21,0
DA:23,0
DA:24,0
DA:25,0
DA:28,0
DA:29,0
DA:31,0
DA:32,0
DA:37,0
DA:39,0
DA:40,0
DA:41,0
DA:42,0
DA:44,0
DA:45,0
DA:48,0
DA:49,0
DA:52,0
DA:53,0
LF:32
LH:0
BRDA:9,0,0,0
BRDA:9,0,1,0
BRDA:11,1,0,0
BRDA:11,1,1,0
BRDA:39,2,0,0
BRDA:39,2,1,0
BRDA:44,3,0,0
BRDA:44,3,1,0
BRF:8
BRH:0
end_of_record
TN:
SF:public\js\registro-actividad.js
FNF:0
FNH:0
LF:0
LH:0
BRF:0
BRH:0
end_of_record
TN:
SF:public\js\registro.js
FN:5,(anonymous_0)
FNF:1
FNH:0
FNDA:0,(anonymous_0)
DA:2,0
DA:3,0
DA:5,0
DA:6,0
DA:7,0
DA:8,0
DA:10,0
DA:12,0
DA:13,0
DA:15,0
DA:16,0
DA:17,0
DA:18,0
DA:20,0
DA:21,0
DA:26,0
DA:27,0
DA:28,0
DA:29,0
DA:31,0
DA:34,0
LF:21
LH:0
BRDA:15,0,0,0
BRDA:15,0,1,0
BRDA:16,1,0,0
BRDA:16,1,1,0
BRDA:27,2,0,0
BRDA:27,2,1,0
BRDA:31,3,0,0
BRDA:31,3,1,0
BRF:8
BRH:0
end_of_record
TN:
SF:public\js\restore-dashboard.js
FN:8,(anonymous_0)
FN:11,(anonymous_1)
FN:18,restaurarNavegacion
FN:25,(anonymous_3)
FN:30,(anonymous_4)
FN:42,activarSeccion
FN:48,(anonymous_6)
FN:62,(anonymous_7)
FN:81,obtenerTituloSeccion
FN:95,cargarDatosSeccion
FN:142,verificarSecciones
FN:158,(anonymous_11)
FN:182,restaurarLogout
FN:185,(anonymous_13)
FN:197,(anonymous_14)
FNF:15
FNH:0
FNDA:0,(anonymous_0)
FNDA:0,(anonymous_1)
FNDA:0,restaurarNavegacion
FNDA:0,(anonymous_3)
FNDA:0,(anonymous_4)
FNDA:0,activarSeccion
FNDA:0,(anonymous_6)
FNDA:0,(anonymous_7)
FNDA:0,obtenerTituloSeccion
FNDA:0,cargarDatosSeccion
FNDA:0,verificarSecciones
FNDA:0,(anonymous_11)
FNDA:0,restaurarLogout
FNDA:0,(anonymous_13)
FNDA:0,(anonymous_14)
DA:2,0
DA:5,0
DA:8,0
DA:9,0
DA:11,0
DA:12,0
DA:13,0
DA:19,0
DA:22,0
DA:23,0
DA:25,0
DA:27,0
DA:30,0
DA:31,0
DA:32,0
DA:35,0
DA:38,0
DA:43,0
DA:45,0
DA:47,0
DA:48,0
DA:49,0
DA:53,0
DA:54,0
DA:55,0
DA:56,0
DA:58,0
DA:62,0
DA:63,0
DA:65,0
DA:68,0
DA:69,0
DA:70,0
DA:74,0
DA:77,0
DA:82,0
DA:92,0
DA:96,0
DA:98,0
DA:100,0
DA:101,0
DA:103,0
DA:104,0
DA:106,0
DA:108,0
DA:109,0
DA:111,0
DA:113,0
DA:114,0
DA:116,0
DA:118,0
DA:119,0
DA:121,0
DA:123,0
DA:124,0
DA:126,0
DA:128,0
DA:129,0
DA:131,0
DA:132,0
DA:134,0
DA:138,0
DA:143,0
DA:145,0
DA:156,0
DA:158,0
DA:159,0
DA:160,0
DA:161,0
DA:162,0
DA:164,0
DA:168,0
DA:171,0
DA:172,0
DA:173,0
DA:174,0
DA:175,0
DA:176,0
DA:183,0
DA:184,0
DA:185,0
DA:186,0
DA:187,0
DA:188,0
DA:189,0
DA:192,0
DA:197,0
DA:198,0
DA:199,0
DA:202,0
LF:90
LH:0
BRDA:5,0,0,0
BRDA:5,0,1,0
BRDA:5,1,0,0
BRDA:5,1,1,0
BRDA:54,2,0,0
BRDA:54,2,1,0
BRDA:69,3,0,0
BRDA:69,3,1,0
BRDA:92,4,0,0
BRDA:92,4,1,0
BRDA:100,5,0,0
BRDA:100,5,1,0
BRDA:100,6,0,0
BRDA:100,6,1,0
BRDA:101,7,0,0
BRDA:101,7,1,0
BRDA:101,7,2,0
BRDA:101,7,3,0
BRDA:101,7,4,0
BRDA:101,7,5,0
BRDA:103,8,0,0
BRDA:103,8,1,0
BRDA:108,9,0,0
BRDA:108,9,1,0
BRDA:113,10,0,0
BRDA:113,10,1,0
BRDA:118,11,0,0
BRDA:118,11,1,0
BRDA:123,12,0,0
BRDA:123,12,1,0
BRDA:123,13,0,0
BRDA:123,13,1,0
BRDA:128,14,0,0
BRDA:128,14,1,0
BRDA:131,15,0,0
BRDA:131,15,1,0
BRDA:160,16,0,0
BRDA:160,16,1,0
BRDA:172,17,0,0
BRDA:172,17,1,0
BRDA:175,18,0,0
BRDA:175,18,1,0
BRDA:184,19,0,0
BRDA:184,19,1,0
BRDA:187,20,0,0
BRDA:187,20,1,0
BRF:46
BRH:0
end_of_record
TN:
SF:public\js\scripts.js
FNF:0
FNH:0
LF:0
LH:0
BRF:0
BRH:0
end_of_record
TN:
SF:public\js\servicios.js
FN:2,agendarCita
FN:18,(anonymous_1)
FN:19,(anonymous_2)
FN:23,(anonymous_3)
FN:30,mostrarModalAgendamiento
FN:43,(anonymous_5)
FN:55,(anonymous_6)
FN:65,confirmarCita
FN:80,(anonymous_8)
FN:81,(anonymous_9)
FN:87,(anonymous_10)
FN:94,cerrarModal
FNF:12
FNH:0
FNDA:0,agendarCita
FNDA:0,(anonymous_1)
FNDA:0,(anonymous_2)
FNDA:0,(anonymous_3)
FNDA:0,mostrarModalAgendamiento
FNDA:0,(anonymous_5)
FNDA:0,(anonymous_6)
FNDA:0,confirmarCita
FNDA:0,(anonymous_8)
FNDA:0,(anonymous_9)
FNDA:0,(anonymous_10)
FNDA:0,cerrarModal
DA:4,0
DA:5,0
DA:7,0
DA:8,0
DA:12,0
DA:18,0
DA:21,0
DA:24,0
DA:25,0
DA:31,0
DA:32,0
DA:33,0
DA:43,0
DA:52,0
DA:55,0
DA:56,0
DA:57,0
DA:58,0
DA:60,0
DA:66,0
DA:68,0
DA:80,0
DA:82,0
DA:83,0
DA:85,0
DA:88,0
DA:89,0
DA:95,0
DA:96,0
DA:97,0
DA:102,0
DA:103,0
LF:32
LH:0
BRDA:5,0,0,0
BRDA:5,0,1,0
BRDA:96,1,0,0
BRDA:96,1,1,0
BRF:4
BRH:0
end_of_record
